#
# There is insufficient memory for the Java Runtime Environment to continue.
# Native memory allocation (mmap) failed to map 352321536 bytes for G1 virtual space
# Possible reasons:
#   The system is out of physical RAM or swap space
#   The process is running with CompressedOops enabled, and the Java Heap may be blocking the growth of the native heap
# Possible solutions:
#   Reduce memory load on the system
#   Increase physical memory or swap space
#   Check if swap backing store is full
#   Decrease Java heap size (-Xmx/-Xms)
#   Decrease number of Java threads
#   Decrease Java thread stack sizes (-Xss)
#   Set larger code cache with -XX:ReservedCodeCacheSize=
#   JVM is running with Unscaled Compressed Oops mode in which the Java heap is
#     placed in the first 4GB address space. The Java Heap base address is the
#     maximum limit for the native heap growth. Please use -XX:HeapBaseMinAddress
#     to set the Java Heap base and to place the Java Heap above 4GB virtual address.
# This output file may be truncated or incomplete.
#
#  Out of Memory Error (os_windows.cpp:3617), pid=21352, tid=4448
#
# JRE version: OpenJDK Runtime Environment Temurin-17.0.8+7 (17.0.8+7) (build 17.0.8+7)
# Java VM: OpenJDK 64-Bit Server VM Temurin-17.0.8+7 (17.0.8+7, mixed mode, sharing, tiered, compressed oops, compressed class ptrs, g1 gc, windows-amd64)
# No core dump will be written. Minidumps are not enabled by default on client versions of Windows
#

---------------  S U M M A R Y ------------

Command Line: --add-opens=java.base/java.util=ALL-UNNAMED --add-opens=java.base/java.lang=ALL-UNNAMED --add-opens=java.base/java.lang.invoke=ALL-UNNAMED --add-opens=java.prefs/java.util.prefs=ALL-UNNAMED --add-opens=java.base/java.nio.charset=ALL-UNNAMED --add-opens=java.base/java.net=ALL-UNNAMED --add-opens=java.base/java.util.concurrent.atomic=ALL-UNNAMED -Xmx2048m -Dfile.encoding=UTF-8 -Duser.country=US -Duser.language=en -Duser.variant org.gradle.launcher.daemon.bootstrap.GradleDaemon 8.0

Host: Intel(R) Core(TM) i5-6300U CPU @ 2.40GHz, 4 cores, 7G,  Windows 11 , 64 bit Build 22621 (10.0.22621.1928)
Time: Mon Jul 31 14:35:44 2023 E. Africa Standard Time elapsed time: 90.833742 seconds (0d 0h 1m 30s)

---------------  T H R E A D  ---------------

Current thread (0x00000230fb3b0470):  VMThread "VM Thread" [stack: 0x000000ed62300000,0x000000ed62400000] [id=4448]

Stack: [0x000000ed62300000,0x000000ed62400000]
Native frames: (J=compiled Java code, j=interpreted, Vv=VM code, C=native code)
V  [jvm.dll+0x678b0a]
V  [jvm.dll+0x835e84]
V  [jvm.dll+0x83762e]
V  [jvm.dll+0x837c93]
V  [jvm.dll+0x24746f]
V  [jvm.dll+0x675859]
V  [jvm.dll+0x66a0ea]
V  [jvm.dll+0x306c7b]
V  [jvm.dll+0x30e166]
V  [jvm.dll+0x35dd3e]
V  [jvm.dll+0x35df6f]
V  [jvm.dll+0x2ddb48]
V  [jvm.dll+0x2dbd0c]
V  [jvm.dll+0x2db2dc]
V  [jvm.dll+0x31f18b]
V  [jvm.dll+0x83c15b]
V  [jvm.dll+0x83ce94]
V  [jvm.dll+0x83d3ac]
V  [jvm.dll+0x83d784]
V  [jvm.dll+0x83d850]
V  [jvm.dll+0x7e64ca]
V  [jvm.dll+0x677955]
C  [ucrtbase.dll+0x29363]
C  [KERNEL32.DLL+0x126ad]
C  [ntdll.dll+0x5aa68]

VM_Operation (0x000000ed685fede0): G1CollectForAllocation, mode: safepoint, requested by thread 0x00000230d1460bb0


---------------  P R O C E S S  ---------------

Threads class SMR info:
_java_thread_list=0x00000230d10cfee0, length=94, elements={
0x00000230dd815200, 0x00000230fb3b4f20, 0x00000230fb3b7af0, 0x00000230fb3c5fb0,
0x00000230fb3c6b70, 0x00000230fb3c9640, 0x00000230fb3d6020, 0x00000230fb3da2c0,
0x00000230fb3e4550, 0x00000230fb3f4f30, 0x00000230c51ec840, 0x00000230c51ecd50,
0x00000230c51eb910, 0x00000230c51e9ab0, 0x00000230c51ea4d0, 0x00000230c51ea9e0,
0x00000230c51eb400, 0x00000230c51e95a0, 0x00000230c51eaef0, 0x00000230c51ebe20,
0x00000230c6cf7670, 0x00000230c6cf6740, 0x00000230c6cf43d0, 0x00000230c6cf5810,
0x00000230c6cf39b0, 0x00000230c6cf2060, 0x00000230c6cf5d20, 0x00000230c6cf48e0,
0x00000230c6cf6c50, 0x00000230c6cf2a80, 0x00000230c6cf2f90, 0x00000230c6cf85a0,
0x00000230c6cf7160, 0x00000230c6cf7b80, 0x00000230c6cf34a0, 0x00000230c6cf8fc0,
0x00000230c6cf99e0, 0x00000230c6cf4df0, 0x00000230c72e07f0, 0x00000230c72e3a90,
0x00000230c72df3b0, 0x00000230c72e1210, 0x00000230c72e3070, 0x00000230c72e3580,
0x00000230c72e02e0, 0x00000230c72e3fa0, 0x00000230c72e5e00, 0x00000230c72e53e0,
0x00000230c72e44b0, 0x00000230c72e49c0, 0x00000230c72de990, 0x00000230c72e4ed0,
0x00000230c72deea0, 0x00000230c72e2650, 0x00000230c72e6310, 0x00000230c72e2b60,
0x00000230c72e58f0, 0x00000230c72df8c0, 0x00000230c72dfdd0, 0x00000230c72e0d00,
0x00000230c72e1720, 0x00000230c72e1c30, 0x00000230c72e2140, 0x00000230c867e0e0,
0x00000230c8681890, 0x00000230c867fa30, 0x00000230c8683c00, 0x00000230c8680960,
0x00000230c86836f0, 0x00000230c86822b0, 0x00000230c867f520, 0x00000230c8684110,
0x00000230c867f010, 0x00000230c8680e70, 0x00000230c8684620, 0x00000230c867e5f0,
0x00000230c8684b30, 0x00000230c8685040, 0x00000230c867eb00, 0x00000230c867ff40,
0x00000230c51e9fc0, 0x00000230c9e80060, 0x00000230c9e83810, 0x00000230c9e80570,
0x00000230c9e828e0, 0x00000230c9e82df0, 0x00000230ca3635c0, 0x00000230ca3bf570,
0x00000230d14610c0, 0x00000230c790a2b0, 0x00000230c9de2500, 0x00000230d14606a0,
0x00000230d1460bb0, 0x00000230c9de2a10
}

Java Threads: ( => current thread )
  0x00000230dd815200 JavaThread "main" [_thread_blocked, id=7692, stack(0x000000ed61d00000,0x000000ed61e00000)]
  0x00000230fb3b4f20 JavaThread "Reference Handler" daemon [_thread_blocked, id=17452, stack(0x000000ed62400000,0x000000ed62500000)]
  0x00000230fb3b7af0 JavaThread "Finalizer" daemon [_thread_blocked, id=20920, stack(0x000000ed62500000,0x000000ed62600000)]
  0x00000230fb3c5fb0 JavaThread "Signal Dispatcher" daemon [_thread_blocked, id=13868, stack(0x000000ed62600000,0x000000ed62700000)]
  0x00000230fb3c6b70 JavaThread "Attach Listener" daemon [_thread_blocked, id=20224, stack(0x000000ed62700000,0x000000ed62800000)]
  0x00000230fb3c9640 JavaThread "Service Thread" daemon [_thread_blocked, id=20100, stack(0x000000ed62800000,0x000000ed62900000)]
  0x00000230fb3d6020 JavaThread "Monitor Deflation Thread" daemon [_thread_blocked, id=20896, stack(0x000000ed62900000,0x000000ed62a00000)]
  0x00000230fb3da2c0 JavaThread "C2 CompilerThread0" daemon [_thread_blocked, id=19700, stack(0x000000ed62a00000,0x000000ed62b00000)]
  0x00000230fb3e4550 JavaThread "C1 CompilerThread0" daemon [_thread_blocked, id=7636, stack(0x000000ed62b00000,0x000000ed62c00000)]
  0x00000230fb3f4f30 JavaThread "Sweeper thread" daemon [_thread_blocked, id=6532, stack(0x000000ed62c00000,0x000000ed62d00000)]
  0x00000230c51ec840 JavaThread "Common-Cleaner" daemon [_thread_blocked, id=16056, stack(0x000000ed62d00000,0x000000ed62e00000)]
  0x00000230c51ecd50 JavaThread "Notification Thread" daemon [_thread_blocked, id=12436, stack(0x000000ed62e00000,0x000000ed62f00000)]
  0x00000230c51eb910 JavaThread "Daemon health stats" [_thread_blocked, id=9040, stack(0x000000ed63000000,0x000000ed63100000)]
  0x00000230c51e9ab0 JavaThread "Incoming local TCP Connector on port 54539" [_thread_in_native, id=17656, stack(0x000000ed63400000,0x000000ed63500000)]
  0x00000230c51ea4d0 JavaThread "Daemon periodic checks" [_thread_blocked, id=12144, stack(0x000000ed63500000,0x000000ed63600000)]
  0x00000230c51ea9e0 JavaThread "Daemon" [_thread_blocked, id=20272, stack(0x000000ed63600000,0x000000ed63700000)]
  0x00000230c51eb400 JavaThread "Handler for socket connection from /127.0.0.1:54539 to /127.0.0.1:54540" [_thread_in_native, id=18692, stack(0x000000ed63700000,0x000000ed63800000)]
  0x00000230c51e95a0 JavaThread "Cancel handler" [_thread_blocked, id=18652, stack(0x000000ed63800000,0x000000ed63900000)]
  0x00000230c51eaef0 JavaThread "Daemon worker" [_thread_blocked, id=10844, stack(0x000000ed63900000,0x000000ed63a00000)]
  0x00000230c51ebe20 JavaThread "Asynchronous log dispatcher for DefaultDaemonConnection: socket connection from /127.0.0.1:54539 to /127.0.0.1:54540" [_thread_blocked, id=19340, stack(0x000000ed63a00000,0x000000ed63b00000)]
  0x00000230c6cf7670 JavaThread "Daemon client event forwarder" [_thread_blocked, id=4692, stack(0x000000ed63c00000,0x000000ed63d00000)]
  0x00000230c6cf6740 JavaThread "Cache worker for journal cache (C:\Users\Famenontsoa\.gradle\caches\journal-1)" [_thread_blocked, id=8648, stack(0x000000ed63d00000,0x000000ed63e00000)]
  0x00000230c6cf43d0 JavaThread "File lock request listener" [_thread_in_native, id=8, stack(0x000000ed63e00000,0x000000ed63f00000)]
  0x00000230c6cf5810 JavaThread "Cache worker for file hash cache (C:\Users\Famenontsoa\.gradle\caches\8.0\fileHashes)" [_thread_blocked, id=11652, stack(0x000000ed64000000,0x000000ed64100000)]
  0x00000230c6cf39b0 JavaThread "File watcher server" daemon [_thread_blocked, id=20640, stack(0x000000ed64100000,0x000000ed64200000)]
  0x00000230c6cf2060 JavaThread "File watcher consumer" daemon [_thread_blocked, id=20180, stack(0x000000ed64200000,0x000000ed64300000)]
  0x00000230c6cf5d20 JavaThread "Cache worker for checksums cache (D:\Master1\Master1-Workspace\m1-projet-mobile-android\.gradle\8.0\checksums)" [_thread_blocked, id=80, stack(0x000000ed63f00000,0x000000ed64000000)]
  0x00000230c6cf48e0 JavaThread "Cache worker for cache directory md-rule (C:\Users\Famenontsoa\.gradle\caches\8.0\md-rule)" [_thread_blocked, id=8572, stack(0x000000ed64300000,0x000000ed64400000)]
  0x00000230c6cf6c50 JavaThread "Cache worker for file content cache (C:\Users\Famenontsoa\.gradle\caches\8.0\fileContent)" [_thread_blocked, id=16772, stack(0x000000ed64400000,0x000000ed64500000)]
  0x00000230c6cf2a80 JavaThread "Cache worker for file hash cache (D:\Master1\Master1-Workspace\m1-projet-mobile-android\.gradle\8.0\fileHashes)" [_thread_blocked, id=18844, stack(0x000000ed64600000,0x000000ed64700000)]
  0x00000230c6cf2f90 JavaThread "Cache worker for cache directory md-supplier (C:\Users\Famenontsoa\.gradle\caches\8.0\md-supplier)" [_thread_blocked, id=14520, stack(0x000000ed64900000,0x000000ed64a00000)]
  0x00000230c6cf85a0 JavaThread "Cache worker for execution history cache (C:\Users\Famenontsoa\.gradle\caches\8.0\executionHistory)" [_thread_blocked, id=20740, stack(0x000000ed64a00000,0x000000ed64b00000)]
  0x00000230c6cf7160 JavaThread "jar transforms" [_thread_blocked, id=8536, stack(0x000000ed64b00000,0x000000ed64c00000)]
  0x00000230c6cf7b80 JavaThread "jar transforms Thread 2" [_thread_blocked, id=1844, stack(0x000000ed64c00000,0x000000ed64d00000)]
  0x00000230c6cf34a0 JavaThread "jar transforms Thread 3" [_thread_blocked, id=14728, stack(0x000000ed64d00000,0x000000ed64e00000)]
  0x00000230c6cf8fc0 JavaThread "jar transforms Thread 4" [_thread_blocked, id=15436, stack(0x000000ed64e00000,0x000000ed64f00000)]
  0x00000230c6cf99e0 JavaThread "Cache worker for dependencies-accessors (D:\Master1\Master1-Workspace\m1-projet-mobile-android\.gradle\8.0\dependencies-accessors)" [_thread_blocked, id=21440, stack(0x000000ed64f00000,0x000000ed65000000)]
  0x00000230c6cf4df0 JavaThread "Cache worker for Build Output Cleanup Cache (D:\Master1\Master1-Workspace\m1-projet-mobile-android\.gradle\buildOutputCleanup)" [_thread_blocked, id=8148, stack(0x000000ed64500000,0x000000ed64600000)]
  0x00000230c72e07f0 JavaThread "Unconstrained build operations" [_thread_blocked, id=11924, stack(0x000000ed65100000,0x000000ed65200000)]
  0x00000230c72e3a90 JavaThread "Unconstrained build operations Thread 2" [_thread_blocked, id=13576, stack(0x000000ed65200000,0x000000ed65300000)]
  0x00000230c72df3b0 JavaThread "Unconstrained build operations Thread 3" [_thread_blocked, id=14536, stack(0x000000ed65300000,0x000000ed65400000)]
  0x00000230c72e1210 JavaThread "Unconstrained build operations Thread 4" [_thread_blocked, id=21456, stack(0x000000ed65400000,0x000000ed65500000)]
  0x00000230c72e3070 JavaThread "Unconstrained build operations Thread 5" [_thread_blocked, id=21428, stack(0x000000ed65500000,0x000000ed65600000)]
  0x00000230c72e3580 JavaThread "Unconstrained build operations Thread 6" [_thread_blocked, id=13840, stack(0x000000ed65600000,0x000000ed65700000)]
  0x00000230c72e02e0 JavaThread "Unconstrained build operations Thread 7" [_thread_blocked, id=11556, stack(0x000000ed65700000,0x000000ed65800000)]
  0x00000230c72e3fa0 JavaThread "Unconstrained build operations Thread 8" [_thread_blocked, id=6180, stack(0x000000ed65800000,0x000000ed65900000)]
  0x00000230c72e5e00 JavaThread "Unconstrained build operations Thread 9" [_thread_blocked, id=17328, stack(0x000000ed65900000,0x000000ed65a00000)]
  0x00000230c72e53e0 JavaThread "Unconstrained build operations Thread 10" [_thread_blocked, id=19468, stack(0x000000ed65a00000,0x000000ed65b00000)]
  0x00000230c72e44b0 JavaThread "Unconstrained build operations Thread 11" [_thread_blocked, id=20392, stack(0x000000ed65b00000,0x000000ed65c00000)]
  0x00000230c72e49c0 JavaThread "Unconstrained build operations Thread 12" [_thread_blocked, id=14820, stack(0x000000ed65c00000,0x000000ed65d00000)]
  0x00000230c72de990 JavaThread "Unconstrained build operations Thread 13" [_thread_blocked, id=21304, stack(0x000000ed65d00000,0x000000ed65e00000)]
  0x00000230c72e4ed0 JavaThread "Unconstrained build operations Thread 14" [_thread_blocked, id=10108, stack(0x000000ed65e00000,0x000000ed65f00000)]
  0x00000230c72deea0 JavaThread "Unconstrained build operations Thread 15" [_thread_blocked, id=21284, stack(0x000000ed65f00000,0x000000ed66000000)]
  0x00000230c72e2650 JavaThread "Unconstrained build operations Thread 16" [_thread_blocked, id=6868, stack(0x000000ed66000000,0x000000ed66100000)]
  0x00000230c72e6310 JavaThread "Unconstrained build operations Thread 17" [_thread_blocked, id=20688, stack(0x000000ed66100000,0x000000ed66200000)]
  0x00000230c72e2b60 JavaThread "Unconstrained build operations Thread 18" [_thread_blocked, id=10752, stack(0x000000ed66200000,0x000000ed66300000)]
  0x00000230c72e58f0 JavaThread "Unconstrained build operations Thread 19" [_thread_blocked, id=19168, stack(0x000000ed66300000,0x000000ed66400000)]
  0x00000230c72df8c0 JavaThread "Unconstrained build operations Thread 20" [_thread_blocked, id=10744, stack(0x000000ed66400000,0x000000ed66500000)]
  0x00000230c72dfdd0 JavaThread "Unconstrained build operations Thread 21" [_thread_blocked, id=4300, stack(0x000000ed66500000,0x000000ed66600000)]
  0x00000230c72e0d00 JavaThread "Unconstrained build operations Thread 22" [_thread_blocked, id=10296, stack(0x000000ed66600000,0x000000ed66700000)]
  0x00000230c72e1720 JavaThread "Unconstrained build operations Thread 23" [_thread_blocked, id=21040, stack(0x000000ed66700000,0x000000ed66800000)]
  0x00000230c72e1c30 JavaThread "Unconstrained build operations Thread 24" [_thread_blocked, id=4288, stack(0x000000ed66800000,0x000000ed66900000)]
  0x00000230c72e2140 JavaThread "Unconstrained build operations Thread 25" [_thread_blocked, id=20708, stack(0x000000ed66900000,0x000000ed66a00000)]
  0x00000230c867e0e0 JavaThread "Unconstrained build operations Thread 26" [_thread_blocked, id=12400, stack(0x000000ed66a00000,0x000000ed66b00000)]
  0x00000230c8681890 JavaThread "Unconstrained build operations Thread 27" [_thread_blocked, id=17736, stack(0x000000ed66b00000,0x000000ed66c00000)]
  0x00000230c867fa30 JavaThread "Unconstrained build operations Thread 28" [_thread_blocked, id=16264, stack(0x000000ed66c00000,0x000000ed66d00000)]
  0x00000230c8683c00 JavaThread "Unconstrained build operations Thread 29" [_thread_blocked, id=11244, stack(0x000000ed66d00000,0x000000ed66e00000)]
  0x00000230c8680960 JavaThread "Unconstrained build operations Thread 30" [_thread_blocked, id=9556, stack(0x000000ed66e00000,0x000000ed66f00000)]
  0x00000230c86836f0 JavaThread "Unconstrained build operations Thread 31" [_thread_blocked, id=7792, stack(0x000000ed66f00000,0x000000ed67000000)]
  0x00000230c86822b0 JavaThread "Unconstrained build operations Thread 32" [_thread_blocked, id=15848, stack(0x000000ed67000000,0x000000ed67100000)]
  0x00000230c867f520 JavaThread "Unconstrained build operations Thread 33" [_thread_blocked, id=13352, stack(0x000000ed67100000,0x000000ed67200000)]
  0x00000230c8684110 JavaThread "Unconstrained build operations Thread 34" [_thread_blocked, id=6808, stack(0x000000ed67200000,0x000000ed67300000)]
  0x00000230c867f010 JavaThread "Unconstrained build operations Thread 35" [_thread_blocked, id=4920, stack(0x000000ed67300000,0x000000ed67400000)]
  0x00000230c8680e70 JavaThread "Unconstrained build operations Thread 36" [_thread_blocked, id=19152, stack(0x000000ed67400000,0x000000ed67500000)]
  0x00000230c8684620 JavaThread "Unconstrained build operations Thread 37" [_thread_blocked, id=15164, stack(0x000000ed67500000,0x000000ed67600000)]
  0x00000230c867e5f0 JavaThread "Unconstrained build operations Thread 38" [_thread_blocked, id=2348, stack(0x000000ed67600000,0x000000ed67700000)]
  0x00000230c8684b30 JavaThread "Unconstrained build operations Thread 39" [_thread_blocked, id=8176, stack(0x000000ed67700000,0x000000ed67800000)]
  0x00000230c8685040 JavaThread "Unconstrained build operations Thread 40" [_thread_blocked, id=6336, stack(0x000000ed67800000,0x000000ed67900000)]
  0x00000230c867eb00 JavaThread "build event listener" [_thread_blocked, id=16364, stack(0x000000ed67900000,0x000000ed67a00000)]
  0x00000230c867ff40 JavaThread "Memory manager" [_thread_blocked, id=19976, stack(0x000000ed67a00000,0x000000ed67b00000)]
  0x00000230c51e9fc0 JavaThread "included builds" [_thread_blocked, id=10268, stack(0x000000ed65000000,0x000000ed65100000)]
  0x00000230c9e80060 JavaThread "Execution worker" [_thread_blocked, id=4908, stack(0x000000ed67b00000,0x000000ed67c00000)]
  0x00000230c9e83810 JavaThread "Execution worker Thread 2" [_thread_blocked, id=15460, stack(0x000000ed67c00000,0x000000ed67d00000)]
  0x00000230c9e80570 JavaThread "Execution worker Thread 3" [_thread_blocked, id=18012, stack(0x000000ed67d00000,0x000000ed67e00000)]
  0x00000230c9e828e0 JavaThread "Cache worker for execution history cache (D:\Master1\Master1-Workspace\m1-projet-mobile-android\.gradle\8.0\executionHistory)" [_thread_blocked, id=12908, stack(0x000000ed67e00000,0x000000ed67f00000)]
  0x00000230c9e82df0 JavaThread "WorkerExecutor Queue" [_thread_blocked, id=20976, stack(0x000000ed68100000,0x000000ed68200000)]
  0x00000230ca3635c0 JavaThread "C2 CompilerThread1" daemon [_thread_blocked, id=1548, stack(0x000000ed61a00000,0x000000ed61b00000)]
  0x00000230ca3bf570 JavaThread "WorkerExecutor Queue Thread 2" [_thread_blocked, id=11884, stack(0x000000ed61b00000,0x000000ed61c00000)]
  0x00000230d14610c0 JavaThread "WorkerExecutor Queue Thread 4" [_thread_blocked, id=16884, stack(0x000000ed63b00000,0x000000ed63c00000)]
  0x00000230c790a2b0 JavaThread "WorkerExecutor Queue Thread 5" [_thread_blocked, id=13052, stack(0x000000ed68200000,0x000000ed68300000)]
  0x00000230c9de2500 JavaThread "ForkJoinPool-1-worker-1" daemon [_thread_blocked, id=7228, stack(0x000000ed68300000,0x000000ed68400000)]
  0x00000230d14606a0 JavaThread "ForkJoinPool-1-worker-2" daemon [_thread_blocked, id=9024, stack(0x000000ed68400000,0x000000ed68500000)]
  0x00000230d1460bb0 JavaThread "ForkJoinPool-1-worker-3" daemon [_thread_blocked, id=20416, stack(0x000000ed68500000,0x000000ed68600000)]
  0x00000230c9de2a10 JavaThread "ForkJoinPool-1-worker-4" daemon [_thread_blocked, id=12632, stack(0x000000ed68600000,0x000000ed68700000)]

Other Threads:
=>0x00000230fb3b0470 VMThread "VM Thread" [stack: 0x000000ed62300000,0x000000ed62400000] [id=4448]
  0x00000230c51f5610 WatcherThread [stack: 0x000000ed62f00000,0x000000ed63000000] [id=12328]
  0x00000230dd86f190 GCTaskThread "GC Thread#0" [stack: 0x000000ed61e00000,0x000000ed61f00000] [id=14308]
  0x00000230c58d1f20 GCTaskThread "GC Thread#1" [stack: 0x000000ed63100000,0x000000ed63200000] [id=12800]
  0x00000230c5aa5130 GCTaskThread "GC Thread#2" [stack: 0x000000ed63200000,0x000000ed63300000] [id=11768]
  0x00000230c569dce0 GCTaskThread "GC Thread#3" [stack: 0x000000ed63300000,0x000000ed63400000] [id=18428]
  0x00000230dd8809e0 ConcurrentGCThread "G1 Main Marker" [stack: 0x000000ed61f00000,0x000000ed62000000] [id=21476]
  0x00000230dd8822a0 ConcurrentGCThread "G1 Conc#0" [stack: 0x000000ed62000000,0x000000ed62100000] [id=21360]
  0x00000230fb2720c0 ConcurrentGCThread "G1 Refine#0" [stack: 0x000000ed62100000,0x000000ed62200000] [id=19888]
  0x00000230c5868d20 ConcurrentGCThread "G1 Refine#1" [stack: 0x000000ed64700000,0x000000ed64800000] [id=20856]
  0x00000230c5869010 ConcurrentGCThread "G1 Refine#2" [stack: 0x000000ed64800000,0x000000ed64900000] [id=7676]
  0x00000230c528fa80 ConcurrentGCThread "G1 Refine#3" [stack: 0x000000ed68700000,0x000000ed68800000] [id=16616]
  0x00000230fb272990 ConcurrentGCThread "G1 Service" [stack: 0x000000ed62200000,0x000000ed62300000] [id=8972]

Threads with active compile tasks:
C2 CompilerThread0    90916 18984   !   4       com.android.tools.r8.internal.rk::a (887 bytes)
C2 CompilerThread1    90916 18991       4       com.android.tools.r8.internal.rk::a (132 bytes)

VM state: at safepoint (normal execution)

VM Mutex/Monitor currently owned by a thread:  ([mutex/lock_event])
[0x00000230dd8113f0] Threads_lock - owner thread: 0x00000230fb3b0470
[0x00000230dd8101f0] Heap_lock - owner thread: 0x00000230d1460bb0

Heap address: 0x0000000080000000, size: 2048 MB, Compressed Oops mode: 32-bit

CDS archive(s) mapped at: [0x0000023080000000-0x0000023080bd0000-0x0000023080bd0000), size 12386304, SharedBaseAddress: 0x0000023080000000, ArchiveRelocationMode: 1.
Compressed class space mapped at: 0x0000023081000000-0x00000230c1000000, reserved size: 1073741824
Narrow klass base: 0x0000023080000000, Narrow klass shift: 0, Narrow klass range: 0x100000000

GC Precious Log:
 CPUs: 4 total, 4 available
 Memory: 8113M
 Large Page Support: Disabled
 NUMA Support: Disabled
 Compressed Oops: Enabled (32-bit)
 Heap Region Size: 1M
 Heap Min Capacity: 8M
 Heap Initial Capacity: 128M
 Heap Max Capacity: 2G
 Pre-touch: Disabled
 Parallel Workers: 4
 Concurrent Workers: 1
 Concurrent Refinement Workers: 4
 Periodic GC: Disabled

Heap:
 garbage-first heap   total 288768K, used 213504K [0x0000000080000000, 0x0000000100000000)
  region size 1024K, 5 young (5120K), 5 survivors (5120K)
 Metaspace       used 100544K, committed 101248K, reserved 1179648K
  class space    used 13676K, committed 14016K, reserved 1048576K

Heap Regions: E=young(eden), S=young(survivor), O=old, HS=humongous(starts), HC=humongous(continues), CS=collection set, F=free, OA=open archive, CA=closed archive, TAMS=top-at-mark-start (previous, next)
|   0|0x0000000080000000, 0x0000000080100000, 0x0000000080100000|100%| O|  |TAMS 0x0000000080100000, 0x0000000080000000| Untracked 
|   1|0x0000000080100000, 0x0000000080200000, 0x0000000080200000|100%| O|  |TAMS 0x0000000080200000, 0x0000000080100000| Untracked 
|   2|0x0000000080200000, 0x0000000080300000, 0x0000000080300000|100%|HS|  |TAMS 0x0000000080300000, 0x0000000080200000| Complete 
|   3|0x0000000080300000, 0x0000000080400000, 0x0000000080400000|100%|HC|  |TAMS 0x0000000080400000, 0x0000000080300000| Complete 
|   4|0x0000000080400000, 0x0000000080500000, 0x0000000080500000|100%|HC|  |TAMS 0x0000000080500000, 0x0000000080400000| Complete 
|   5|0x0000000080500000, 0x0000000080600000, 0x0000000080600000|100%|HC|  |TAMS 0x0000000080600000, 0x0000000080500000| Complete 
|   6|0x0000000080600000, 0x0000000080700000, 0x0000000080700000|100%| O|  |TAMS 0x0000000080700000, 0x0000000080600000| Untracked 
|   7|0x0000000080700000, 0x0000000080800000, 0x0000000080800000|100%| O|  |TAMS 0x0000000080800000, 0x0000000080700000| Untracked 
|   8|0x0000000080800000, 0x0000000080900000, 0x0000000080900000|100%| O|  |TAMS 0x0000000080900000, 0x0000000080800000| Untracked 
|   9|0x0000000080900000, 0x0000000080a00000, 0x0000000080a00000|100%| O|  |TAMS 0x0000000080a00000, 0x0000000080900000| Untracked 
|  10|0x0000000080a00000, 0x0000000080b00000, 0x0000000080b00000|100%| O|  |TAMS 0x0000000080b00000, 0x0000000080a00000| Untracked 
|  11|0x0000000080b00000, 0x0000000080c00000, 0x0000000080c00000|100%| O|  |TAMS 0x0000000080c00000, 0x0000000080b00000| Untracked 
|  12|0x0000000080c00000, 0x0000000080d00000, 0x0000000080d00000|100%| O|  |TAMS 0x0000000080d00000, 0x0000000080c00000| Untracked 
|  13|0x0000000080d00000, 0x0000000080e00000, 0x0000000080e00000|100%| O|  |TAMS 0x0000000080e00000, 0x0000000080d00000| Untracked 
|  14|0x0000000080e00000, 0x0000000080f00000, 0x0000000080f00000|100%| O|  |TAMS 0x0000000080f00000, 0x0000000080e00000| Untracked 
|  15|0x0000000080f00000, 0x0000000081000000, 0x0000000081000000|100%| O|  |TAMS 0x0000000081000000, 0x0000000080f00000| Untracked 
|  16|0x0000000081000000, 0x0000000081100000, 0x0000000081100000|100%| O|  |TAMS 0x0000000081100000, 0x0000000081000000| Untracked 
|  17|0x0000000081100000, 0x0000000081200000, 0x0000000081200000|100%| O|  |TAMS 0x0000000081200000, 0x0000000081100000| Untracked 
|  18|0x0000000081200000, 0x0000000081300000, 0x0000000081300000|100%| O|  |TAMS 0x0000000081300000, 0x0000000081200000| Untracked 
|  19|0x0000000081300000, 0x0000000081400000, 0x0000000081400000|100%| O|  |TAMS 0x0000000081400000, 0x0000000081300000| Untracked 
|  20|0x0000000081400000, 0x0000000081500000, 0x0000000081500000|100%| O|  |TAMS 0x0000000081500000, 0x0000000081400000| Untracked 
|  21|0x0000000081500000, 0x0000000081600000, 0x0000000081600000|100%|HS|  |TAMS 0x0000000081600000, 0x0000000081500000| Complete 
|  22|0x0000000081600000, 0x0000000081700000, 0x0000000081700000|100%| O|  |TAMS 0x0000000081700000, 0x0000000081600000| Untracked 
|  23|0x0000000081700000, 0x0000000081800000, 0x0000000081800000|100%| O|  |TAMS 0x0000000081800000, 0x0000000081700000| Untracked 
|  24|0x0000000081800000, 0x0000000081900000, 0x0000000081900000|100%| O|  |TAMS 0x0000000081900000, 0x0000000081800000| Untracked 
|  25|0x0000000081900000, 0x0000000081a00000, 0x0000000081a00000|100%| O|  |TAMS 0x0000000081a00000, 0x0000000081900000| Untracked 
|  26|0x0000000081a00000, 0x0000000081b00000, 0x0000000081b00000|100%| O|  |TAMS 0x0000000081b00000, 0x0000000081a00000| Untracked 
|  27|0x0000000081b00000, 0x0000000081c00000, 0x0000000081c00000|100%| O|  |TAMS 0x0000000081c00000, 0x0000000081b00000| Untracked 
|  28|0x0000000081c00000, 0x0000000081d00000, 0x0000000081d00000|100%| O|  |TAMS 0x0000000081d00000, 0x0000000081c00000| Untracked 
|  29|0x0000000081d00000, 0x0000000081e00000, 0x0000000081e00000|100%| O|  |TAMS 0x0000000081e00000, 0x0000000081d00000| Untracked 
|  30|0x0000000081e00000, 0x0000000081f00000, 0x0000000081f00000|100%| O|  |TAMS 0x0000000081f00000, 0x0000000081e00000| Untracked 
|  31|0x0000000081f00000, 0x0000000082000000, 0x0000000082000000|100%| O|  |TAMS 0x0000000082000000, 0x0000000081f00000| Untracked 
|  32|0x0000000082000000, 0x0000000082100000, 0x0000000082100000|100%| O|  |TAMS 0x0000000082100000, 0x0000000082000000| Untracked 
|  33|0x0000000082100000, 0x0000000082200000, 0x0000000082200000|100%| O|  |TAMS 0x0000000082200000, 0x0000000082100000| Untracked 
|  34|0x0000000082200000, 0x0000000082300000, 0x0000000082300000|100%|HS|  |TAMS 0x0000000082300000, 0x0000000082200000| Complete 
|  35|0x0000000082300000, 0x0000000082400000, 0x0000000082400000|100%| O|  |TAMS 0x0000000082400000, 0x0000000082300000| Untracked 
|  36|0x0000000082400000, 0x0000000082500000, 0x0000000082500000|100%| O|  |TAMS 0x0000000082500000, 0x0000000082400000| Untracked 
|  37|0x0000000082500000, 0x0000000082600000, 0x0000000082600000|100%| O|  |TAMS 0x0000000082600000, 0x0000000082500000| Untracked 
|  38|0x0000000082600000, 0x0000000082700000, 0x0000000082700000|100%| O|  |TAMS 0x0000000082700000, 0x0000000082600000| Untracked 
|  39|0x0000000082700000, 0x0000000082800000, 0x0000000082800000|100%| O|  |TAMS 0x0000000082800000, 0x0000000082700000| Untracked 
|  40|0x0000000082800000, 0x0000000082900000, 0x0000000082900000|100%| O|  |TAMS 0x0000000082900000, 0x0000000082800000| Untracked 
|  41|0x0000000082900000, 0x0000000082a00000, 0x0000000082a00000|100%| O|  |TAMS 0x0000000082a00000, 0x0000000082900000| Untracked 
|  42|0x0000000082a00000, 0x0000000082b00000, 0x0000000082b00000|100%| O|  |TAMS 0x0000000082b00000, 0x0000000082a00000| Untracked 
|  43|0x0000000082b00000, 0x0000000082c00000, 0x0000000082c00000|100%| O|  |TAMS 0x0000000082c00000, 0x0000000082b00000| Untracked 
|  44|0x0000000082c00000, 0x0000000082d00000, 0x0000000082d00000|100%| O|  |TAMS 0x0000000082d00000, 0x0000000082c00000| Untracked 
|  45|0x0000000082d00000, 0x0000000082e00000, 0x0000000082e00000|100%| O|  |TAMS 0x0000000082e00000, 0x0000000082d00000| Untracked 
|  46|0x0000000082e00000, 0x0000000082f00000, 0x0000000082f00000|100%| O|  |TAMS 0x0000000082f00000, 0x0000000082e00000| Untracked 
|  47|0x0000000082f00000, 0x0000000083000000, 0x0000000083000000|100%| O|  |TAMS 0x0000000083000000, 0x0000000082f00000| Untracked 
|  48|0x0000000083000000, 0x0000000083100000, 0x0000000083100000|100%| O|  |TAMS 0x0000000083100000, 0x0000000083000000| Untracked 
|  49|0x0000000083100000, 0x0000000083200000, 0x0000000083200000|100%| O|  |TAMS 0x0000000083200000, 0x0000000083100000| Untracked 
|  50|0x0000000083200000, 0x0000000083300000, 0x0000000083300000|100%| O|  |TAMS 0x0000000083300000, 0x0000000083200000| Untracked 
|  51|0x0000000083300000, 0x0000000083400000, 0x0000000083400000|100%| O|  |TAMS 0x0000000083400000, 0x0000000083300000| Untracked 
|  52|0x0000000083400000, 0x0000000083500000, 0x0000000083500000|100%| O|  |TAMS 0x0000000083500000, 0x0000000083400000| Untracked 
|  53|0x0000000083500000, 0x0000000083600000, 0x0000000083600000|100%| O|  |TAMS 0x0000000083600000, 0x0000000083500000| Untracked 
|  54|0x0000000083600000, 0x0000000083700000, 0x0000000083700000|100%| O|  |TAMS 0x0000000083700000, 0x0000000083600000| Untracked 
|  55|0x0000000083700000, 0x0000000083800000, 0x0000000083800000|100%| O|  |TAMS 0x0000000083800000, 0x0000000083700000| Untracked 
|  56|0x0000000083800000, 0x0000000083900000, 0x0000000083900000|100%| O|  |TAMS 0x0000000083900000, 0x0000000083800000| Untracked 
|  57|0x0000000083900000, 0x0000000083a00000, 0x0000000083a00000|100%| O|  |TAMS 0x0000000083a00000, 0x0000000083900000| Untracked 
|  58|0x0000000083a00000, 0x0000000083b00000, 0x0000000083b00000|100%| O|  |TAMS 0x0000000083b00000, 0x0000000083a00000| Untracked 
|  59|0x0000000083b00000, 0x0000000083c00000, 0x0000000083c00000|100%| O|  |TAMS 0x0000000083c00000, 0x0000000083b00000| Untracked 
|  60|0x0000000083c00000, 0x0000000083d00000, 0x0000000083d00000|100%| O|  |TAMS 0x0000000083d00000, 0x0000000083c00000| Untracked 
|  61|0x0000000083d00000, 0x0000000083e00000, 0x0000000083e00000|100%| O|  |TAMS 0x0000000083e00000, 0x0000000083d00000| Untracked 
|  62|0x0000000083e00000, 0x0000000083f00000, 0x0000000083f00000|100%| O|  |TAMS 0x0000000083f00000, 0x0000000083e00000| Untracked 
|  63|0x0000000083f00000, 0x0000000084000000, 0x0000000084000000|100%| O|  |TAMS 0x0000000084000000, 0x0000000083f00000| Untracked 
|  64|0x0000000084000000, 0x0000000084100000, 0x0000000084100000|100%| O|  |TAMS 0x0000000084100000, 0x0000000084000000| Untracked 
|  65|0x0000000084100000, 0x0000000084200000, 0x0000000084200000|100%| O|  |TAMS 0x0000000084200000, 0x0000000084100000| Untracked 
|  66|0x0000000084200000, 0x0000000084300000, 0x0000000084300000|100%| O|  |TAMS 0x0000000084300000, 0x0000000084200000| Untracked 
|  67|0x0000000084300000, 0x0000000084400000, 0x0000000084400000|100%| O|  |TAMS 0x0000000084400000, 0x0000000084300000| Untracked 
|  68|0x0000000084400000, 0x0000000084500000, 0x0000000084500000|100%| O|  |TAMS 0x0000000084500000, 0x0000000084400000| Untracked 
|  69|0x0000000084500000, 0x0000000084600000, 0x0000000084600000|100%| O|  |TAMS 0x0000000084600000, 0x0000000084500000| Untracked 
|  70|0x0000000084600000, 0x0000000084700000, 0x0000000084700000|100%| O|  |TAMS 0x0000000084700000, 0x0000000084600000| Untracked 
|  71|0x0000000084700000, 0x0000000084800000, 0x0000000084800000|100%| O|  |TAMS 0x0000000084800000, 0x0000000084700000| Untracked 
|  72|0x0000000084800000, 0x0000000084900000, 0x0000000084900000|100%| O|  |TAMS 0x0000000084900000, 0x0000000084800000| Untracked 
|  73|0x0000000084900000, 0x0000000084a00000, 0x0000000084a00000|100%| O|  |TAMS 0x0000000084a00000, 0x0000000084900000| Untracked 
|  74|0x0000000084a00000, 0x0000000084b00000, 0x0000000084b00000|100%| O|  |TAMS 0x0000000084b00000, 0x0000000084a00000| Untracked 
|  75|0x0000000084b00000, 0x0000000084c00000, 0x0000000084c00000|100%| O|  |TAMS 0x0000000084c00000, 0x0000000084b00000| Untracked 
|  76|0x0000000084c00000, 0x0000000084d00000, 0x0000000084d00000|100%| O|  |TAMS 0x0000000084d00000, 0x0000000084c00000| Untracked 
|  77|0x0000000084d00000, 0x0000000084e00000, 0x0000000084e00000|100%| O|  |TAMS 0x0000000084e00000, 0x0000000084d00000| Untracked 
|  78|0x0000000084e00000, 0x0000000084f00000, 0x0000000084f00000|100%| O|  |TAMS 0x0000000084f00000, 0x0000000084e00000| Untracked 
|  79|0x0000000084f00000, 0x0000000085000000, 0x0000000085000000|100%| O|  |TAMS 0x0000000085000000, 0x0000000084f00000| Untracked 
|  80|0x0000000085000000, 0x0000000085100000, 0x0000000085100000|100%| O|  |TAMS 0x0000000085100000, 0x0000000085000000| Untracked 
|  81|0x0000000085100000, 0x0000000085200000, 0x0000000085200000|100%| O|  |TAMS 0x0000000085200000, 0x0000000085100000| Untracked 
|  82|0x0000000085200000, 0x0000000085300000, 0x0000000085300000|100%| O|  |TAMS 0x0000000085300000, 0x0000000085200000| Untracked 
|  83|0x0000000085300000, 0x0000000085400000, 0x0000000085400000|100%| O|  |TAMS 0x0000000085400000, 0x0000000085300000| Untracked 
|  84|0x0000000085400000, 0x0000000085500000, 0x0000000085500000|100%| O|  |TAMS 0x0000000085500000, 0x0000000085400000| Untracked 
|  85|0x0000000085500000, 0x0000000085600000, 0x0000000085600000|100%| O|  |TAMS 0x0000000085600000, 0x0000000085500000| Untracked 
|  86|0x0000000085600000, 0x0000000085700000, 0x0000000085700000|100%| O|  |TAMS 0x0000000085700000, 0x0000000085600000| Untracked 
|  87|0x0000000085700000, 0x0000000085800000, 0x0000000085800000|100%| O|  |TAMS 0x0000000085800000, 0x0000000085700000| Untracked 
|  88|0x0000000085800000, 0x0000000085900000, 0x0000000085900000|100%| O|  |TAMS 0x0000000085900000, 0x0000000085800000| Untracked 
|  89|0x0000000085900000, 0x0000000085a00000, 0x0000000085a00000|100%| O|  |TAMS 0x0000000085a00000, 0x0000000085900000| Untracked 
|  90|0x0000000085a00000, 0x0000000085b00000, 0x0000000085b00000|100%| O|  |TAMS 0x0000000085b00000, 0x0000000085a00000| Untracked 
|  91|0x0000000085b00000, 0x0000000085c00000, 0x0000000085c00000|100%| O|  |TAMS 0x0000000085c00000, 0x0000000085b00000| Untracked 
|  92|0x0000000085c00000, 0x0000000085d00000, 0x0000000085d00000|100%| O|  |TAMS 0x0000000085d00000, 0x0000000085c00000| Untracked 
|  93|0x0000000085d00000, 0x0000000085e00000, 0x0000000085e00000|100%| O|  |TAMS 0x0000000085e00000, 0x0000000085d00000| Untracked 
|  94|0x0000000085e00000, 0x0000000085f00000, 0x0000000085f00000|100%| O|  |TAMS 0x0000000085f00000, 0x0000000085e00000| Untracked 
|  95|0x0000000085f00000, 0x0000000086000000, 0x0000000086000000|100%| O|  |TAMS 0x0000000086000000, 0x0000000085f00000| Untracked 
|  96|0x0000000086000000, 0x0000000086100000, 0x0000000086100000|100%| O|  |TAMS 0x0000000086100000, 0x0000000086000000| Untracked 
|  97|0x0000000086100000, 0x0000000086200000, 0x0000000086200000|100%| O|  |TAMS 0x0000000086200000, 0x0000000086100000| Untracked 
|  98|0x0000000086200000, 0x0000000086300000, 0x0000000086300000|100%| O|  |TAMS 0x0000000086200000, 0x0000000086200000| Untracked 
|  99|0x0000000086300000, 0x0000000086400000, 0x0000000086400000|100%| O|  |TAMS 0x0000000086400000, 0x0000000086300000| Untracked 
| 100|0x0000000086400000, 0x0000000086500000, 0x0000000086500000|100%| O|  |TAMS 0x0000000086500000, 0x0000000086400000| Untracked 
| 101|0x0000000086500000, 0x0000000086600000, 0x0000000086600000|100%| O|  |TAMS 0x0000000086600000, 0x0000000086500000| Untracked 
| 102|0x0000000086600000, 0x0000000086700000, 0x0000000086700000|100%| O|  |TAMS 0x0000000086600000, 0x0000000086600000| Untracked 
| 103|0x0000000086700000, 0x0000000086800000, 0x0000000086800000|100%| O|  |TAMS 0x0000000086700000, 0x0000000086700000| Untracked 
| 104|0x0000000086800000, 0x0000000086900000, 0x0000000086900000|100%| O|  |TAMS 0x0000000086800000, 0x0000000086800000| Untracked 
| 105|0x0000000086900000, 0x0000000086a00000, 0x0000000086a00000|100%|HS|  |TAMS 0x0000000086a00000, 0x0000000086900000| Complete 
| 106|0x0000000086a00000, 0x0000000086b00000, 0x0000000086b00000|100%|HC|  |TAMS 0x0000000086b00000, 0x0000000086a00000| Complete 
| 107|0x0000000086b00000, 0x0000000086c00000, 0x0000000086c00000|100%|HS|  |TAMS 0x0000000086c00000, 0x0000000086b00000| Complete 
| 108|0x0000000086c00000, 0x0000000086d00000, 0x0000000086d00000|100%|HS|  |TAMS 0x0000000086d00000, 0x0000000086c00000| Complete 
| 109|0x0000000086d00000, 0x0000000086e00000, 0x0000000086e00000|100%|HS|  |TAMS 0x0000000086e00000, 0x0000000086d00000| Complete 
| 110|0x0000000086e00000, 0x0000000086f00000, 0x0000000086f00000|100%|HS|  |TAMS 0x0000000086f00000, 0x0000000086e00000| Complete 
| 111|0x0000000086f00000, 0x0000000087000000, 0x0000000087000000|100%|HC|  |TAMS 0x0000000087000000, 0x0000000086f00000| Complete 
| 112|0x0000000087000000, 0x0000000087100000, 0x0000000087100000|100%|HS|  |TAMS 0x0000000087100000, 0x0000000087000000| Complete 
| 113|0x0000000087100000, 0x0000000087200000, 0x0000000087200000|100%|HC|  |TAMS 0x0000000087200000, 0x0000000087100000| Complete 
| 114|0x0000000087200000, 0x0000000087300000, 0x0000000087300000|100%|HC|  |TAMS 0x0000000087300000, 0x0000000087200000| Complete 
| 115|0x0000000087300000, 0x0000000087400000, 0x0000000087400000|100%|HS|  |TAMS 0x0000000087300000, 0x0000000087300000| Complete 
| 116|0x0000000087400000, 0x0000000087500000, 0x0000000087500000|100%|HS|  |TAMS 0x0000000087400000, 0x0000000087400000| Complete 
| 117|0x0000000087500000, 0x0000000087600000, 0x0000000087600000|100%|HS|  |TAMS 0x0000000087600000, 0x0000000087500000| Complete 
| 118|0x0000000087600000, 0x0000000087700000, 0x0000000087700000|100%|HC|  |TAMS 0x0000000087700000, 0x0000000087600000| Complete 
| 119|0x0000000087700000, 0x0000000087800000, 0x0000000087800000|100%| O|  |TAMS 0x0000000087700000, 0x0000000087700000| Untracked 
| 120|0x0000000087800000, 0x0000000087900000, 0x0000000087900000|100%|HS|  |TAMS 0x0000000087900000, 0x0000000087800000| Complete 
| 121|0x0000000087900000, 0x0000000087a00000, 0x0000000087a00000|100%| O|  |TAMS 0x0000000087900000, 0x0000000087900000| Untracked 
| 122|0x0000000087a00000, 0x0000000087b00000, 0x0000000087b00000|100%|HS|  |TAMS 0x0000000087b00000, 0x0000000087a00000| Complete 
| 123|0x0000000087b00000, 0x0000000087c00000, 0x0000000087c00000|100%| O|  |TAMS 0x0000000087b00000, 0x0000000087b00000| Untracked 
| 124|0x0000000087c00000, 0x0000000087d00000, 0x0000000087d00000|100%|HS|  |TAMS 0x0000000087d00000, 0x0000000087c00000| Complete 
| 125|0x0000000087d00000, 0x0000000087e00000, 0x0000000087e00000|100%| O|  |TAMS 0x0000000087d00000, 0x0000000087d00000| Untracked 
| 126|0x0000000087e00000, 0x0000000087f00000, 0x0000000087f00000|100%| O|  |TAMS 0x0000000087e00000, 0x0000000087e00000| Untracked 
| 127|0x0000000087f00000, 0x0000000088000000, 0x0000000088000000|100%| O|  |TAMS 0x0000000087f00000, 0x0000000087f00000| Untracked 
| 128|0x0000000088000000, 0x0000000088100000, 0x0000000088100000|100%|HS|  |TAMS 0x0000000088100000, 0x0000000088000000| Complete 
| 129|0x0000000088100000, 0x0000000088200000, 0x0000000088200000|100%|HC|  |TAMS 0x0000000088200000, 0x0000000088100000| Complete 
| 130|0x0000000088200000, 0x0000000088300000, 0x0000000088300000|100%|HC|  |TAMS 0x0000000088300000, 0x0000000088200000| Complete 
| 131|0x0000000088300000, 0x0000000088400000, 0x0000000088400000|100%| O|  |TAMS 0x0000000088300000, 0x0000000088300000| Untracked 
| 132|0x0000000088400000, 0x0000000088500000, 0x0000000088500000|100%| O|  |TAMS 0x0000000088400000, 0x0000000088400000| Untracked 
| 133|0x0000000088500000, 0x0000000088600000, 0x0000000088600000|100%| O|  |TAMS 0x0000000088500000, 0x0000000088500000| Untracked 
| 134|0x0000000088600000, 0x0000000088700000, 0x0000000088700000|100%| O|  |TAMS 0x0000000088600000, 0x0000000088600000| Untracked 
| 135|0x0000000088700000, 0x0000000088800000, 0x0000000088800000|100%| O|  |TAMS 0x0000000088700000, 0x0000000088700000| Untracked 
| 136|0x0000000088800000, 0x0000000088900000, 0x0000000088900000|100%|HS|  |TAMS 0x0000000088900000, 0x0000000088800000| Complete 
| 137|0x0000000088900000, 0x0000000088a00000, 0x0000000088a00000|100%|HC|  |TAMS 0x0000000088a00000, 0x0000000088900000| Complete 
| 138|0x0000000088a00000, 0x0000000088b00000, 0x0000000088b00000|100%| O|  |TAMS 0x0000000088a00000, 0x0000000088a00000| Untracked 
| 139|0x0000000088b00000, 0x0000000088c00000, 0x0000000088c00000|100%| O|  |TAMS 0x0000000088b00000, 0x0000000088b00000| Untracked 
| 140|0x0000000088c00000, 0x0000000088d00000, 0x0000000088d00000|100%| O|  |TAMS 0x0000000088d00000, 0x0000000088c00000| Untracked 
| 141|0x0000000088d00000, 0x0000000088e00000, 0x0000000088e00000|100%| O|  |TAMS 0x0000000088d00000, 0x0000000088d00000| Untracked 
| 142|0x0000000088e00000, 0x0000000088f00000, 0x0000000088f00000|100%| O|  |TAMS 0x0000000088e17e00, 0x0000000088e00000| Untracked 
| 143|0x0000000088f00000, 0x0000000089000000, 0x0000000089000000|100%| O|  |TAMS 0x0000000088f00000, 0x0000000088f00000| Untracked 
| 144|0x0000000089000000, 0x0000000089100000, 0x0000000089100000|100%| O|  |TAMS 0x0000000089000000, 0x0000000089000000| Untracked 
| 145|0x0000000089100000, 0x0000000089200000, 0x0000000089200000|100%| O|  |TAMS 0x0000000089100000, 0x0000000089100000| Untracked 
| 146|0x0000000089200000, 0x0000000089300000, 0x0000000089300000|100%| O|  |TAMS 0x0000000089200000, 0x0000000089200000| Untracked 
| 147|0x0000000089300000, 0x0000000089400000, 0x0000000089400000|100%| O|  |TAMS 0x0000000089300000, 0x0000000089300000| Untracked 
| 148|0x0000000089400000, 0x0000000089500000, 0x0000000089500000|100%| O|  |TAMS 0x0000000089400000, 0x0000000089400000| Untracked 
| 149|0x0000000089500000, 0x0000000089600000, 0x0000000089600000|100%| O|  |TAMS 0x0000000089500000, 0x0000000089500000| Untracked 
| 150|0x0000000089600000, 0x0000000089700000, 0x0000000089700000|100%| O|  |TAMS 0x0000000089600000, 0x0000000089600000| Untracked 
| 151|0x0000000089700000, 0x0000000089800000, 0x0000000089800000|100%| O|  |TAMS 0x0000000089700000, 0x0000000089700000| Untracked 
| 152|0x0000000089800000, 0x0000000089900000, 0x0000000089900000|100%| O|  |TAMS 0x0000000089800000, 0x0000000089800000| Untracked 
| 153|0x0000000089900000, 0x0000000089a00000, 0x0000000089a00000|100%| O|  |TAMS 0x0000000089900000, 0x0000000089900000| Untracked 
| 154|0x0000000089a00000, 0x0000000089b00000, 0x0000000089b00000|100%| O|  |TAMS 0x0000000089a00000, 0x0000000089a00000| Untracked 
| 155|0x0000000089b00000, 0x0000000089c00000, 0x0000000089c00000|100%| O|  |TAMS 0x0000000089b00000, 0x0000000089b00000| Untracked 
| 156|0x0000000089c00000, 0x0000000089d00000, 0x0000000089d00000|100%| O|  |TAMS 0x0000000089c00000, 0x0000000089c00000| Untracked 
| 157|0x0000000089d00000, 0x0000000089e00000, 0x0000000089e00000|100%| O|  |TAMS 0x0000000089d00000, 0x0000000089d00000| Untracked 
| 158|0x0000000089e00000, 0x0000000089f00000, 0x0000000089f00000|100%| O|  |TAMS 0x0000000089e00000, 0x0000000089e00000| Untracked 
| 159|0x0000000089f00000, 0x000000008a000000, 0x000000008a000000|100%| O|  |TAMS 0x0000000089f00000, 0x0000000089f00000| Untracked 
| 160|0x000000008a000000, 0x000000008a100000, 0x000000008a100000|100%| O|  |TAMS 0x000000008a000000, 0x000000008a000000| Untracked 
| 161|0x000000008a100000, 0x000000008a200000, 0x000000008a200000|100%| O|  |TAMS 0x000000008a100000, 0x000000008a100000| Untracked 
| 162|0x000000008a200000, 0x000000008a300000, 0x000000008a300000|100%| O|  |TAMS 0x000000008a200000, 0x000000008a200000| Untracked 
| 163|0x000000008a300000, 0x000000008a400000, 0x000000008a400000|100%| O|  |TAMS 0x000000008a300000, 0x000000008a300000| Untracked 
| 164|0x000000008a400000, 0x000000008a500000, 0x000000008a500000|100%| O|  |TAMS 0x000000008a400000, 0x000000008a400000| Untracked 
| 165|0x000000008a500000, 0x000000008a600000, 0x000000008a600000|100%| O|  |TAMS 0x000000008a500000, 0x000000008a500000| Untracked 
| 166|0x000000008a600000, 0x000000008a700000, 0x000000008a700000|100%| O|  |TAMS 0x000000008a600000, 0x000000008a600000| Untracked 
| 167|0x000000008a700000, 0x000000008a800000, 0x000000008a800000|100%| O|  |TAMS 0x000000008a700000, 0x000000008a700000| Untracked 
| 168|0x000000008a800000, 0x000000008a900000, 0x000000008a900000|100%| O|  |TAMS 0x000000008a800000, 0x000000008a800000| Untracked 
| 169|0x000000008a900000, 0x000000008aa00000, 0x000000008aa00000|100%| O|  |TAMS 0x000000008a900000, 0x000000008a900000| Untracked 
| 170|0x000000008aa00000, 0x000000008ab00000, 0x000000008ab00000|100%| O|  |TAMS 0x000000008aa00000, 0x000000008aa00000| Untracked 
| 171|0x000000008ab00000, 0x000000008ac00000, 0x000000008ac00000|100%| O|  |TAMS 0x000000008ab00000, 0x000000008ab00000| Untracked 
| 172|0x000000008ac00000, 0x000000008ad00000, 0x000000008ad00000|100%| O|  |TAMS 0x000000008ac00000, 0x000000008ac00000| Untracked 
| 173|0x000000008ad00000, 0x000000008ae00000, 0x000000008ae00000|100%| O|  |TAMS 0x000000008ad00000, 0x000000008ad00000| Untracked 
| 174|0x000000008ae00000, 0x000000008af00000, 0x000000008af00000|100%| O|  |TAMS 0x000000008ae00000, 0x000000008ae00000| Untracked 
| 175|0x000000008af00000, 0x000000008b000000, 0x000000008b000000|100%| O|  |TAMS 0x000000008af00000, 0x000000008af00000| Untracked 
| 176|0x000000008b000000, 0x000000008b100000, 0x000000008b100000|100%| O|  |TAMS 0x000000008b000000, 0x000000008b000000| Untracked 
| 177|0x000000008b100000, 0x000000008b200000, 0x000000008b200000|100%| O|  |TAMS 0x000000008b100000, 0x000000008b100000| Untracked 
| 178|0x000000008b200000, 0x000000008b300000, 0x000000008b300000|100%| O|  |TAMS 0x000000008b200000, 0x000000008b200000| Untracked 
| 179|0x000000008b300000, 0x000000008b400000, 0x000000008b400000|100%| O|  |TAMS 0x000000008b300000, 0x000000008b300000| Untracked 
| 180|0x000000008b400000, 0x000000008b500000, 0x000000008b500000|100%| O|  |TAMS 0x000000008b400000, 0x000000008b400000| Untracked 
| 181|0x000000008b500000, 0x000000008b600000, 0x000000008b600000|100%| O|  |TAMS 0x000000008b500000, 0x000000008b500000| Untracked 
| 182|0x000000008b600000, 0x000000008b700000, 0x000000008b700000|100%| O|  |TAMS 0x000000008b600000, 0x000000008b600000| Untracked 
| 183|0x000000008b700000, 0x000000008b800000, 0x000000008b800000|100%| O|  |TAMS 0x000000008b700000, 0x000000008b700000| Untracked 
| 184|0x000000008b800000, 0x000000008b900000, 0x000000008b900000|100%| O|  |TAMS 0x000000008b800000, 0x000000008b800000| Untracked 
| 185|0x000000008b900000, 0x000000008ba00000, 0x000000008ba00000|100%| O|  |TAMS 0x000000008b900000, 0x000000008b900000| Untracked 
| 186|0x000000008ba00000, 0x000000008bb00000, 0x000000008bb00000|100%| O|  |TAMS 0x000000008ba00000, 0x000000008ba00000| Untracked 
| 187|0x000000008bb00000, 0x000000008bc00000, 0x000000008bc00000|100%| O|  |TAMS 0x000000008bb00000, 0x000000008bb00000| Untracked 
| 188|0x000000008bc00000, 0x000000008bd00000, 0x000000008bd00000|100%| O|  |TAMS 0x000000008bc00000, 0x000000008bc00000| Untracked 
| 189|0x000000008bd00000, 0x000000008be00000, 0x000000008be00000|100%| O|  |TAMS 0x000000008bd00000, 0x000000008bd00000| Untracked 
| 190|0x000000008be00000, 0x000000008bf00000, 0x000000008bf00000|100%| O|  |TAMS 0x000000008be00000, 0x000000008be00000| Untracked 
| 191|0x000000008bf00000, 0x000000008c000000, 0x000000008c000000|100%| O|  |TAMS 0x000000008bf00000, 0x000000008bf00000| Untracked 
| 192|0x000000008c000000, 0x000000008c100000, 0x000000008c100000|100%| O|  |TAMS 0x000000008c000000, 0x000000008c000000| Untracked 
| 193|0x000000008c100000, 0x000000008c200000, 0x000000008c200000|100%| O|  |TAMS 0x000000008c100000, 0x000000008c100000| Untracked 
| 194|0x000000008c200000, 0x000000008c300000, 0x000000008c300000|100%| O|  |TAMS 0x000000008c200000, 0x000000008c200000| Untracked 
| 195|0x000000008c300000, 0x000000008c400000, 0x000000008c400000|100%| O|  |TAMS 0x000000008c300000, 0x000000008c300000| Untracked 
| 196|0x000000008c400000, 0x000000008c500000, 0x000000008c500000|100%| O|  |TAMS 0x000000008c400000, 0x000000008c400000| Untracked 
| 197|0x000000008c500000, 0x000000008c600000, 0x000000008c600000|100%| O|  |TAMS 0x000000008c500000, 0x000000008c500000| Untracked 
| 198|0x000000008c600000, 0x000000008c700000, 0x000000008c700000|100%| O|  |TAMS 0x000000008c600000, 0x000000008c600000| Untracked 
| 199|0x000000008c700000, 0x000000008c800000, 0x000000008c800000|100%| O|  |TAMS 0x000000008c700000, 0x000000008c700000| Untracked 
| 200|0x000000008c800000, 0x000000008c900000, 0x000000008c900000|100%| O|  |TAMS 0x000000008c800000, 0x000000008c800000| Untracked 
| 201|0x000000008c900000, 0x000000008ca00000, 0x000000008ca00000|100%| O|  |TAMS 0x000000008c900000, 0x000000008c900000| Untracked 
| 202|0x000000008ca00000, 0x000000008cb00000, 0x000000008cb00000|100%| O|  |TAMS 0x000000008ca00000, 0x000000008ca00000| Untracked 
| 203|0x000000008cb00000, 0x000000008cb80000, 0x000000008cc00000| 50%| O|  |TAMS 0x000000008cb00000, 0x000000008cb00000| Untracked 
| 204|0x000000008cc00000, 0x000000008cc00000, 0x000000008cd00000|  0%| F|  |TAMS 0x000000008cc00000, 0x000000008cc00000| Untracked 
| 205|0x000000008cd00000, 0x000000008cd00000, 0x000000008ce00000|  0%| F|  |TAMS 0x000000008cd00000, 0x000000008cd00000| Untracked 
| 206|0x000000008ce00000, 0x000000008ce00000, 0x000000008cf00000|  0%| F|  |TAMS 0x000000008ce00000, 0x000000008ce00000| Untracked 
| 207|0x000000008cf00000, 0x000000008cf00000, 0x000000008d000000|  0%| F|  |TAMS 0x000000008cf00000, 0x000000008cf00000| Untracked 
| 208|0x000000008d000000, 0x000000008d000000, 0x000000008d100000|  0%| F|  |TAMS 0x000000008d000000, 0x000000008d000000| Untracked 
| 209|0x000000008d100000, 0x000000008d100000, 0x000000008d200000|  0%| F|  |TAMS 0x000000008d100000, 0x000000008d100000| Untracked 
| 210|0x000000008d200000, 0x000000008d200000, 0x000000008d300000|  0%| F|  |TAMS 0x000000008d200000, 0x000000008d200000| Untracked 
| 211|0x000000008d300000, 0x000000008d300000, 0x000000008d400000|  0%| F|  |TAMS 0x000000008d300000, 0x000000008d300000| Untracked 
| 212|0x000000008d400000, 0x000000008d400000, 0x000000008d500000|  0%| F|  |TAMS 0x000000008d400000, 0x000000008d400000| Untracked 
| 213|0x000000008d500000, 0x000000008d500000, 0x000000008d600000|  0%| F|  |TAMS 0x000000008d500000, 0x000000008d500000| Untracked 
| 214|0x000000008d600000, 0x000000008d600000, 0x000000008d700000|  0%| F|  |TAMS 0x000000008d600000, 0x000000008d600000| Untracked 
| 215|0x000000008d700000, 0x000000008d700000, 0x000000008d800000|  0%| F|  |TAMS 0x000000008d700000, 0x000000008d700000| Untracked 
| 216|0x000000008d800000, 0x000000008d800000, 0x000000008d900000|  0%| F|  |TAMS 0x000000008d800000, 0x000000008d800000| Untracked 
| 217|0x000000008d900000, 0x000000008d900000, 0x000000008da00000|  0%| F|  |TAMS 0x000000008d900000, 0x000000008d900000| Untracked 
| 218|0x000000008da00000, 0x000000008da00000, 0x000000008db00000|  0%| F|  |TAMS 0x000000008da00000, 0x000000008da00000| Untracked 
| 219|0x000000008db00000, 0x000000008db00000, 0x000000008dc00000|  0%| F|  |TAMS 0x000000008db00000, 0x000000008db00000| Untracked 
| 220|0x000000008dc00000, 0x000000008dc00000, 0x000000008dd00000|  0%| F|  |TAMS 0x000000008dc00000, 0x000000008dc00000| Untracked 
| 221|0x000000008dd00000, 0x000000008dd00000, 0x000000008de00000|  0%| F|  |TAMS 0x000000008dd00000, 0x000000008dd00000| Untracked 
| 222|0x000000008de00000, 0x000000008de00000, 0x000000008df00000|  0%| F|  |TAMS 0x000000008de00000, 0x000000008de00000| Untracked 
| 223|0x000000008df00000, 0x000000008df00000, 0x000000008e000000|  0%| F|  |TAMS 0x000000008df00000, 0x000000008df00000| Untracked 
| 224|0x000000008e000000, 0x000000008e000000, 0x000000008e100000|  0%| F|  |TAMS 0x000000008e000000, 0x000000008e000000| Untracked 
| 225|0x000000008e100000, 0x000000008e100000, 0x000000008e200000|  0%| F|  |TAMS 0x000000008e100000, 0x000000008e100000| Untracked 
| 226|0x000000008e200000, 0x000000008e200000, 0x000000008e300000|  0%| F|  |TAMS 0x000000008e200000, 0x000000008e200000| Untracked 
| 227|0x000000008e300000, 0x000000008e300000, 0x000000008e400000|  0%| F|  |TAMS 0x000000008e300000, 0x000000008e300000| Untracked 
| 228|0x000000008e400000, 0x000000008e400000, 0x000000008e500000|  0%| F|  |TAMS 0x000000008e400000, 0x000000008e400000| Untracked 
| 229|0x000000008e500000, 0x000000008e500000, 0x000000008e600000|  0%| F|  |TAMS 0x000000008e500000, 0x000000008e500000| Untracked 
| 230|0x000000008e600000, 0x000000008e600000, 0x000000008e700000|  0%| F|  |TAMS 0x000000008e600000, 0x000000008e600000| Untracked 
| 231|0x000000008e700000, 0x000000008e700000, 0x000000008e800000|  0%| F|  |TAMS 0x000000008e700000, 0x000000008e700000| Untracked 
| 232|0x000000008e800000, 0x000000008e800000, 0x000000008e900000|  0%| F|  |TAMS 0x000000008e800000, 0x000000008e800000| Untracked 
| 233|0x000000008e900000, 0x000000008e900000, 0x000000008ea00000|  0%| F|  |TAMS 0x000000008e900000, 0x000000008e900000| Untracked 
| 234|0x000000008ea00000, 0x000000008ea00000, 0x000000008eb00000|  0%| F|  |TAMS 0x000000008ea00000, 0x000000008ea00000| Untracked 
| 235|0x000000008eb00000, 0x000000008eb00000, 0x000000008ec00000|  0%| F|  |TAMS 0x000000008eb00000, 0x000000008eb00000| Untracked 
| 236|0x000000008ec00000, 0x000000008ec00000, 0x000000008ed00000|  0%| F|  |TAMS 0x000000008ec00000, 0x000000008ec00000| Untracked 
| 237|0x000000008ed00000, 0x000000008ed00000, 0x000000008ee00000|  0%| F|  |TAMS 0x000000008ed00000, 0x000000008ed00000| Untracked 
| 238|0x000000008ee00000, 0x000000008ee00000, 0x000000008ef00000|  0%| F|  |TAMS 0x000000008ee00000, 0x000000008ee00000| Untracked 
| 239|0x000000008ef00000, 0x000000008ef00000, 0x000000008f000000|  0%| F|  |TAMS 0x000000008ef00000, 0x000000008ef00000| Untracked 
| 240|0x000000008f000000, 0x000000008f000000, 0x000000008f100000|  0%| F|  |TAMS 0x000000008f000000, 0x000000008f000000| Untracked 
| 241|0x000000008f100000, 0x000000008f100000, 0x000000008f200000|  0%| F|  |TAMS 0x000000008f100000, 0x000000008f100000| Untracked 
| 242|0x000000008f200000, 0x000000008f200000, 0x000000008f300000|  0%| F|  |TAMS 0x000000008f200000, 0x000000008f200000| Untracked 
| 243|0x000000008f300000, 0x000000008f300000, 0x000000008f400000|  0%| F|  |TAMS 0x000000008f300000, 0x000000008f300000| Untracked 
| 244|0x000000008f400000, 0x000000008f400000, 0x000000008f500000|  0%| F|  |TAMS 0x000000008f400000, 0x000000008f400000| Untracked 
| 245|0x000000008f500000, 0x000000008f500000, 0x000000008f600000|  0%| F|  |TAMS 0x000000008f500000, 0x000000008f500000| Untracked 
| 246|0x000000008f600000, 0x000000008f600000, 0x000000008f700000|  0%| F|  |TAMS 0x000000008f600000, 0x000000008f600000| Untracked 
| 247|0x000000008f700000, 0x000000008f700000, 0x000000008f800000|  0%| F|  |TAMS 0x000000008f700000, 0x000000008f700000| Untracked 
| 248|0x000000008f800000, 0x000000008f800000, 0x000000008f900000|  0%| F|  |TAMS 0x000000008f800000, 0x000000008f800000| Untracked 
| 249|0x000000008f900000, 0x000000008f900000, 0x000000008fa00000|  0%| F|  |TAMS 0x000000008f900000, 0x000000008f900000| Untracked 
| 250|0x000000008fa00000, 0x000000008fb00000, 0x000000008fb00000|100%| S|CS|TAMS 0x000000008fa00000, 0x000000008fa00000| Complete 
| 251|0x000000008fb00000, 0x000000008fc00000, 0x000000008fc00000|100%| S|CS|TAMS 0x000000008fb00000, 0x000000008fb00000| Complete 
| 252|0x000000008fc00000, 0x000000008fd00000, 0x000000008fd00000|100%| S|CS|TAMS 0x000000008fc00000, 0x000000008fc00000| Complete 
| 253|0x000000008fd00000, 0x000000008fe00000, 0x000000008fe00000|100%| S|CS|TAMS 0x000000008fd00000, 0x000000008fd00000| Complete 
| 254|0x000000008fe00000, 0x000000008ff00000, 0x000000008ff00000|100%| S|CS|TAMS 0x000000008fe00000, 0x000000008fe00000| Complete 
| 255|0x000000008ff00000, 0x000000008ff00000, 0x0000000090000000|  0%| F|  |TAMS 0x000000008ff00000, 0x000000008ff00000| Untracked 
| 256|0x0000000090000000, 0x0000000090000000, 0x0000000090100000|  0%| F|  |TAMS 0x0000000090000000, 0x0000000090000000| Untracked 
| 257|0x0000000090100000, 0x0000000090100000, 0x0000000090200000|  0%| F|  |TAMS 0x0000000090100000, 0x0000000090100000| Untracked 
| 258|0x0000000090200000, 0x0000000090200000, 0x0000000090300000|  0%| F|  |TAMS 0x0000000090200000, 0x0000000090200000| Untracked 
| 259|0x0000000090300000, 0x0000000090300000, 0x0000000090400000|  0%| F|  |TAMS 0x0000000090300000, 0x0000000090300000| Untracked 
| 260|0x0000000090400000, 0x0000000090400000, 0x0000000090500000|  0%| F|  |TAMS 0x0000000090400000, 0x0000000090400000| Untracked 
| 261|0x0000000090500000, 0x0000000090500000, 0x0000000090600000|  0%| F|  |TAMS 0x0000000090500000, 0x0000000090500000| Untracked 
| 262|0x0000000090600000, 0x0000000090600000, 0x0000000090700000|  0%| F|  |TAMS 0x0000000090600000, 0x0000000090600000| Untracked 
| 263|0x0000000090700000, 0x0000000090700000, 0x0000000090800000|  0%| F|  |TAMS 0x0000000090700000, 0x0000000090700000| Untracked 
| 264|0x0000000090800000, 0x0000000090800000, 0x0000000090900000|  0%| F|  |TAMS 0x0000000090800000, 0x0000000090800000| Untracked 
| 265|0x0000000090900000, 0x0000000090900000, 0x0000000090a00000|  0%| F|  |TAMS 0x0000000090900000, 0x0000000090900000| Untracked 
| 266|0x0000000090a00000, 0x0000000090a00000, 0x0000000090b00000|  0%| F|  |TAMS 0x0000000090a00000, 0x0000000090a00000| Untracked 
| 267|0x0000000090b00000, 0x0000000090b00000, 0x0000000090c00000|  0%| F|  |TAMS 0x0000000090b00000, 0x0000000090b00000| Untracked 
| 268|0x0000000090c00000, 0x0000000090c00000, 0x0000000090d00000|  0%| F|  |TAMS 0x0000000090c00000, 0x0000000090c00000| Untracked 
| 269|0x0000000090d00000, 0x0000000090d00000, 0x0000000090e00000|  0%| F|  |TAMS 0x0000000090d00000, 0x0000000090d00000| Untracked 
| 270|0x0000000090e00000, 0x0000000090e00000, 0x0000000090f00000|  0%| F|  |TAMS 0x0000000090e00000, 0x0000000090e00000| Untracked 
| 271|0x0000000090f00000, 0x0000000090f00000, 0x0000000091000000|  0%| F|  |TAMS 0x0000000090f00000, 0x0000000090f00000| Untracked 
| 272|0x0000000091000000, 0x0000000091000000, 0x0000000091100000|  0%| F|  |TAMS 0x0000000091000000, 0x0000000091000000| Untracked 
| 273|0x0000000091100000, 0x0000000091100000, 0x0000000091200000|  0%| F|  |TAMS 0x0000000091100000, 0x0000000091100000| Untracked 
| 274|0x0000000091200000, 0x0000000091200000, 0x0000000091300000|  0%| F|  |TAMS 0x0000000091200000, 0x0000000091200000| Untracked 
| 275|0x0000000091300000, 0x0000000091300000, 0x0000000091400000|  0%| F|  |TAMS 0x0000000091300000, 0x0000000091300000| Untracked 
| 276|0x0000000091400000, 0x0000000091400000, 0x0000000091500000|  0%| F|  |TAMS 0x0000000091400000, 0x0000000091400000| Untracked 
| 277|0x0000000091500000, 0x0000000091500000, 0x0000000091600000|  0%| F|  |TAMS 0x0000000091500000, 0x0000000091500000| Untracked 
| 278|0x0000000091600000, 0x0000000091600000, 0x0000000091700000|  0%| F|  |TAMS 0x0000000091600000, 0x0000000091600000| Untracked 
| 279|0x0000000091700000, 0x0000000091700000, 0x0000000091800000|  0%| F|  |TAMS 0x0000000091700000, 0x0000000091700000| Untracked 
| 280|0x0000000091800000, 0x0000000091800000, 0x0000000091900000|  0%| F|  |TAMS 0x0000000091800000, 0x0000000091800000| Untracked 
| 281|0x0000000091900000, 0x0000000091900000, 0x0000000091a00000|  0%| F|  |TAMS 0x0000000091900000, 0x0000000091900000| Untracked 

Card table byte_map: [0x00000230f4700000,0x00000230f4b00000] _byte_map_base: 0x00000230f4300000

Marking Bits (Prev, Next): (CMBitMap*) 0x00000230dd86f7f0, (CMBitMap*) 0x00000230dd86f7b0
 Prev Bits: [0x00000230f6f00000, 0x00000230f8f00000)
 Next Bits: [0x00000230f4f00000, 0x00000230f6f00000)

Polling page: 0x00000230dcfd0000

Metaspace:

Usage:
  Non-class:     84.83 MB used.
      Class:     13.36 MB used.
       Both:     98.19 MB used.

Virtual space:
  Non-class space:      128.00 MB reserved,      85.19 MB ( 67%) committed,  2 nodes.
      Class space:        1.00 GB reserved,      13.69 MB (  1%) committed,  1 nodes.
             Both:        1.12 GB reserved,      98.88 MB (  9%) committed. 

Chunk freelists:
   Non-Class:  10.75 MB
       Class:  2.28 MB
        Both:  13.03 MB

MaxMetaspaceSize: unlimited
CompressedClassSpaceSize: 1.00 GB
Initial GC threshold: 21.00 MB
Current GC threshold: 164.50 MB
CDS: on
MetaspaceReclaimPolicy: balanced
 - commit_granule_bytes: 65536.
 - commit_granule_words: 8192.
 - virtual_space_node_default_size: 8388608.
 - enlarge_chunks_in_place: 1.
 - new_chunks_are_fully_committed: 0.
 - uncommit_free_chunks: 1.
 - use_allocation_guard: 0.
 - handle_deallocations: 1.


Internal statistics:

num_allocs_failed_limit: 9.
num_arena_births: 1018.
num_arena_deaths: 18.
num_vsnodes_births: 3.
num_vsnodes_deaths: 0.
num_space_committed: 1582.
num_space_uncommitted: 0.
num_chunks_returned_to_freelist: 32.
num_chunks_taken_from_freelist: 5042.
num_chunk_merges: 13.
num_chunk_splits: 3436.
num_chunks_enlarged: 2426.
num_inconsistent_stats: 0.

CodeHeap 'non-profiled nmethods': size=120000Kb used=12072Kb max_used=12072Kb free=107927Kb
 bounds [0x00000230ecdd0000, 0x00000230ed9a0000, 0x00000230f4300000]
CodeHeap 'profiled nmethods': size=120000Kb used=31467Kb max_used=31467Kb free=88532Kb
 bounds [0x00000230e5300000, 0x00000230e71d0000, 0x00000230ec830000]
CodeHeap 'non-nmethods': size=5760Kb used=2416Kb max_used=2546Kb free=3343Kb
 bounds [0x00000230ec830000, 0x00000230ecac0000, 0x00000230ecdd0000]
 total_blobs=16439 nmethods=15492 adapters=858
 compilation: enabled
              stopped_count=0, restarted_count=0
 full_count=0

Compilation events (20 events):
Event: 90.693 Thread 0x00000230fb3da2c0 nmethod 18971 0x00000230ed995f90 code [0x00000230ed996160, 0x00000230ed996698]
Event: 90.694 Thread 0x00000230fb3da2c0 18984   !   4       com.android.tools.r8.internal.rk::a (887 bytes)
Event: 90.694 Thread 0x00000230fb3e4550 18986       3       com.android.tools.r8.internal.g9$$Lambda$1721/0x0000023081c90878::accept (16 bytes)
Event: 90.694 Thread 0x00000230fb3e4550 nmethod 18986 0x00000230e6b69e90 code [0x00000230e6b6a040, 0x00000230e6b6a388]
Event: 90.694 Thread 0x00000230fb3e4550 18987       3       com.android.tools.r8.internal.e9::a (22 bytes)
Event: 90.694 Thread 0x00000230fb3e4550 nmethod 18987 0x00000230e6b69a90 code [0x00000230e6b69c40, 0x00000230e6b69da8]
Event: 90.694 Thread 0x00000230fb3e4550 18988       3       com.android.tools.r8.internal.rk::a (132 bytes)
Event: 90.697 Thread 0x00000230fb3e4550 nmethod 18988 0x00000230e6b66a90 code [0x00000230e6b66e80, 0x00000230e6b68f58]
Event: 90.700 Thread 0x00000230fb3e4550 18989       3       com.android.tools.r8.internal.rk$$Lambda$1722/0x0000023081c90aa8::forEach (9 bytes)
Event: 90.701 Thread 0x00000230ca3635c0 nmethod 18981 0x00000230ed996b90 code [0x00000230ed996d20, 0x00000230ed997578]
Event: 90.701 Thread 0x00000230ca3635c0 18983       4       com.android.tools.r8.internal.Nc::a (21 bytes)
Event: 90.702 Thread 0x00000230fb3e4550 nmethod 18989 0x00000230e6b64e90 code [0x00000230e6b651a0, 0x00000230e6b66438]
Event: 90.704 Thread 0x00000230ca3635c0 nmethod 18983 0x00000230ed997890 code [0x00000230ed997a20, 0x00000230ed997c28]
Event: 90.705 Thread 0x00000230ca3635c0 18985   !   4       java.util.concurrent.ForkJoinTask$AdaptedCallable::exec (28 bytes)
Event: 90.708 Thread 0x00000230ca3635c0 nmethod 18985 0x00000230ed997d90 code [0x00000230ed997f20, 0x00000230ed998218]
Event: 90.708 Thread 0x00000230ca3635c0 18969       4       com.android.tools.r8.internal.Nc::a (36 bytes)
Event: 90.722 Thread 0x00000230ca3635c0 nmethod 18969 0x00000230ed998490 code [0x00000230ed998680, 0x00000230ed998dd0]
Event: 90.722 Thread 0x00000230ca3635c0 18990       4       com.android.tools.r8.graph.H4::g (64 bytes)
Event: 90.742 Thread 0x00000230ca3635c0 nmethod 18990 0x00000230ed999290 code [0x00000230ed999460, 0x00000230ed999bf8]
Event: 90.742 Thread 0x00000230ca3635c0 18991       4       com.android.tools.r8.internal.rk::a (132 bytes)

GC Heap History (20 events):
Event: 65.682 GC heap after
{Heap after GC invocations=45 (full 0):
 garbage-first heap   total 260096K, used 110248K [0x0000000080000000, 0x0000000100000000)
  region size 1024K, 4 young (4096K), 4 survivors (4096K)
 Metaspace       used 99027K, committed 99776K, reserved 1179648K
  class space    used 13522K, committed 13888K, reserved 1048576K
}
Event: 68.523 GC heap before
{Heap before GC invocations=45 (full 0):
 garbage-first heap   total 260096K, used 221864K [0x0000000080000000, 0x0000000100000000)
  region size 1024K, 113 young (115712K), 4 survivors (4096K)
 Metaspace       used 99063K, committed 99776K, reserved 1179648K
  class space    used 13527K, committed 13888K, reserved 1048576K
}
Event: 68.534 GC heap after
{Heap after GC invocations=46 (full 0):
 garbage-first heap   total 260096K, used 110732K [0x0000000080000000, 0x0000000100000000)
  region size 1024K, 5 young (5120K), 5 survivors (5120K)
 Metaspace       used 99063K, committed 99776K, reserved 1179648K
  class space    used 13527K, committed 13888K, reserved 1048576K
}
Event: 70.815 GC heap before
{Heap before GC invocations=46 (full 0):
 garbage-first heap   total 260096K, used 223372K [0x0000000080000000, 0x0000000100000000)
  region size 1024K, 115 young (117760K), 5 survivors (5120K)
 Metaspace       used 99080K, committed 99840K, reserved 1179648K
  class space    used 13527K, committed 13888K, reserved 1048576K
}
Event: 70.827 GC heap after
{Heap after GC invocations=47 (full 0):
 garbage-first heap   total 260096K, used 111792K [0x0000000080000000, 0x0000000100000000)
  region size 1024K, 6 young (6144K), 6 survivors (6144K)
 Metaspace       used 99080K, committed 99840K, reserved 1179648K
  class space    used 13527K, committed 13888K, reserved 1048576K
}
Event: 73.464 GC heap before
{Heap before GC invocations=47 (full 0):
 garbage-first heap   total 260096K, used 225456K [0x0000000080000000, 0x0000000100000000)
  region size 1024K, 116 young (118784K), 6 survivors (6144K)
 Metaspace       used 99217K, committed 99904K, reserved 1179648K
  class space    used 13527K, committed 13888K, reserved 1048576K
}
Event: 73.476 GC heap after
{Heap after GC invocations=48 (full 0):
 garbage-first heap   total 260096K, used 111075K [0x0000000080000000, 0x0000000100000000)
  region size 1024K, 5 young (5120K), 5 survivors (5120K)
 Metaspace       used 99217K, committed 99904K, reserved 1179648K
  class space    used 13527K, committed 13888K, reserved 1048576K
}
Event: 86.616 GC heap before
{Heap before GC invocations=48 (full 0):
 garbage-first heap   total 260096K, used 236003K [0x0000000080000000, 0x0000000100000000)
  region size 1024K, 117 young (119808K), 5 survivors (5120K)
 Metaspace       used 99747K, committed 100480K, reserved 1179648K
  class space    used 13586K, committed 13952K, reserved 1048576K
}
Event: 86.630 GC heap after
{Heap after GC invocations=49 (full 0):
 garbage-first heap   total 260096K, used 125570K [0x0000000080000000, 0x0000000100000000)
  region size 1024K, 9 young (9216K), 9 survivors (9216K)
 Metaspace       used 99747K, committed 100480K, reserved 1179648K
  class space    used 13586K, committed 13952K, reserved 1048576K
}
Event: 86.787 GC heap before
{Heap before GC invocations=49 (full 0):
 garbage-first heap   total 260096K, used 158338K [0x0000000080000000, 0x0000000100000000)
  region size 1024K, 26 young (26624K), 9 survivors (9216K)
 Metaspace       used 99961K, committed 100672K, reserved 1179648K
  class space    used 13619K, committed 13952K, reserved 1048576K
}
Event: 86.799 GC heap after
{Heap after GC invocations=50 (full 0):
 garbage-first heap   total 260096K, used 138576K [0x0000000080000000, 0x0000000100000000)
  region size 1024K, 12 young (12288K), 12 survivors (12288K)
 Metaspace       used 99961K, committed 100672K, reserved 1179648K
  class space    used 13619K, committed 13952K, reserved 1048576K
}
Event: 87.594 GC heap before
{Heap before GC invocations=50 (full 0):
 garbage-first heap   total 260096K, used 187728K [0x0000000080000000, 0x0000000100000000)
  region size 1024K, 54 young (55296K), 12 survivors (12288K)
 Metaspace       used 100195K, committed 100992K, reserved 1179648K
  class space    used 13638K, committed 14016K, reserved 1048576K
}
Event: 87.621 GC heap after
{Heap after GC invocations=51 (full 0):
 garbage-first heap   total 260096K, used 153594K [0x0000000080000000, 0x0000000100000000)
  region size 1024K, 12 young (12288K), 12 survivors (12288K)
 Metaspace       used 100195K, committed 100992K, reserved 1179648K
  class space    used 13638K, committed 14016K, reserved 1048576K
}
Event: 88.638 GC heap before
{Heap before GC invocations=52 (full 0):
 garbage-first heap   total 288768K, used 207866K [0x0000000080000000, 0x0000000100000000)
  region size 1024K, 63 young (64512K), 12 survivors (12288K)
 Metaspace       used 100423K, committed 101120K, reserved 1179648K
  class space    used 13660K, committed 14016K, reserved 1048576K
}
Event: 88.693 GC heap after
{Heap after GC invocations=53 (full 0):
 garbage-first heap   total 288768K, used 178956K [0x0000000080000000, 0x0000000100000000)
  region size 1024K, 8 young (8192K), 8 survivors (8192K)
 Metaspace       used 100423K, committed 101120K, reserved 1179648K
  class space    used 13660K, committed 14016K, reserved 1048576K
}
Event: 88.763 GC heap before
{Heap before GC invocations=53 (full 0):
 garbage-first heap   total 288768K, used 185100K [0x0000000080000000, 0x0000000100000000)
  region size 1024K, 14 young (14336K), 8 survivors (8192K)
 Metaspace       used 100424K, committed 101120K, reserved 1179648K
  class space    used 13660K, committed 14016K, reserved 1048576K
}
Event: 88.812 GC heap after
{Heap after GC invocations=54 (full 0):
 garbage-first heap   total 288768K, used 180224K [0x0000000080000000, 0x0000000100000000)
  region size 1024K, 2 young (2048K), 2 survivors (2048K)
 Metaspace       used 100424K, committed 101120K, reserved 1179648K
  class space    used 13660K, committed 14016K, reserved 1048576K
}
Event: 89.252 GC heap before
{Heap before GC invocations=54 (full 0):
 garbage-first heap   total 288768K, used 223232K [0x0000000080000000, 0x0000000100000000)
  region size 1024K, 45 young (46080K), 2 survivors (2048K)
 Metaspace       used 100433K, committed 101184K, reserved 1179648K
  class space    used 13661K, committed 14016K, reserved 1048576K
}
Event: 89.284 GC heap after
{Heap after GC invocations=55 (full 0):
 garbage-first heap   total 288768K, used 202752K [0x0000000080000000, 0x0000000100000000)
  region size 1024K, 6 young (6144K), 6 survivors (6144K)
 Metaspace       used 100433K, committed 101184K, reserved 1179648K
  class space    used 13661K, committed 14016K, reserved 1048576K
}
Event: 90.761 GC heap before
{Heap before GC invocations=55 (full 0):
 garbage-first heap   total 288768K, used 229376K [0x0000000080000000, 0x0000000100000000)
  region size 1024K, 33 young (33792K), 6 survivors (6144K)
 Metaspace       used 100544K, committed 101248K, reserved 1179648K
  class space    used 13676K, committed 14016K, reserved 1048576K
}

Dll operation events (12 events):
Event: 0.010 Loaded shared library D:\Program Files\.jdks\temurin-17.0.8\bin\java.dll
Event: 0.036 Loaded shared library D:\Program Files\.jdks\temurin-17.0.8\bin\jsvml.dll
Event: 0.148 Loaded shared library D:\Program Files\.jdks\temurin-17.0.8\bin\net.dll
Event: 0.194 Loaded shared library D:\Program Files\.jdks\temurin-17.0.8\bin\nio.dll
Event: 0.236 Loaded shared library D:\Program Files\.jdks\temurin-17.0.8\bin\zip.dll
Event: 0.575 Loaded shared library D:\Program Files\.jdks\temurin-17.0.8\bin\jimage.dll
Event: 0.761 Loaded shared library D:\Program Files\.jdks\temurin-17.0.8\bin\verify.dll
Event: 1.093 Loaded shared library C:\Users\Famenontsoa\.gradle\native\68d5fa5c4cc2d200863cafc0d521ce42e7d3e7ee720ec0a83991735586a16f82\windows-amd64\native-platform.dll
Event: 1.113 Loaded shared library C:\Users\Famenontsoa\.gradle\native\e376f236ea51e6404a007f0833ffe2c6e607c4080706a723a18a27aeea778392\windows-amd64\native-platform-file-events.dll
Event: 3.040 Loaded shared library D:\Program Files\.jdks\temurin-17.0.8\bin\management.dll
Event: 3.078 Loaded shared library D:\Program Files\.jdks\temurin-17.0.8\bin\management_ext.dll
Event: 4.564 Loaded shared library D:\Program Files\.jdks\temurin-17.0.8\bin\sunmscapi.dll

Deoptimization events (20 events):
Event: 90.640 Thread 0x00000230c9de2500 Uncommon trap: trap_request=0xffffffbe fr.pc=0x00000230ed98b540 relative=0x0000000000000440
Event: 90.640 Thread 0x00000230c9de2500 Uncommon trap: reason=profile_predicate action=maybe_recompile pc=0x00000230ed98b540 method=com.android.tools.r8.graph.E4.g(Ljava/util/function/Function;)Lcom/android/tools/r8/utils/r3; @ 60 c2
Event: 90.640 Thread 0x00000230c9de2500 DEOPT PACKING pc=0x00000230ed98b540 sp=0x000000ed683fecb0
Event: 90.640 Thread 0x00000230c9de2500 DEOPT UNPACKING pc=0x00000230ec8869a3 sp=0x000000ed683fec38 mode 2
Event: 90.650 Thread 0x00000230d14606a0 Uncommon trap: trap_request=0xffffffbe fr.pc=0x00000230ed98b540 relative=0x0000000000000440
Event: 90.650 Thread 0x00000230d14606a0 Uncommon trap: reason=profile_predicate action=maybe_recompile pc=0x00000230ed98b540 method=com.android.tools.r8.graph.E4.g(Ljava/util/function/Function;)Lcom/android/tools/r8/utils/r3; @ 60 c2
Event: 90.650 Thread 0x00000230d14606a0 DEOPT PACKING pc=0x00000230ed98b540 sp=0x000000ed684fed00
Event: 90.650 Thread 0x00000230d14606a0 DEOPT UNPACKING pc=0x00000230ec8869a3 sp=0x000000ed684fec88 mode 2
Event: 90.650 Thread 0x00000230d14606a0 Uncommon trap: trap_request=0xffffffbe fr.pc=0x00000230ed98b540 relative=0x0000000000000440
Event: 90.650 Thread 0x00000230d14606a0 Uncommon trap: reason=profile_predicate action=maybe_recompile pc=0x00000230ed98b540 method=com.android.tools.r8.graph.E4.g(Ljava/util/function/Function;)Lcom/android/tools/r8/utils/r3; @ 60 c2
Event: 90.650 Thread 0x00000230d14606a0 DEOPT PACKING pc=0x00000230ed98b540 sp=0x000000ed684fed00
Event: 90.650 Thread 0x00000230d14606a0 DEOPT UNPACKING pc=0x00000230ec8869a3 sp=0x000000ed684fec88 mode 2
Event: 90.650 Thread 0x00000230d14606a0 Uncommon trap: trap_request=0xffffffbe fr.pc=0x00000230ed98b540 relative=0x0000000000000440
Event: 90.650 Thread 0x00000230d14606a0 Uncommon trap: reason=profile_predicate action=maybe_recompile pc=0x00000230ed98b540 method=com.android.tools.r8.graph.E4.g(Ljava/util/function/Function;)Lcom/android/tools/r8/utils/r3; @ 60 c2
Event: 90.650 Thread 0x00000230d14606a0 DEOPT PACKING pc=0x00000230ed98b540 sp=0x000000ed684fed00
Event: 90.650 Thread 0x00000230d14606a0 DEOPT UNPACKING pc=0x00000230ec8869a3 sp=0x000000ed684fec88 mode 2
Event: 90.657 Thread 0x00000230ca3bf570 Uncommon trap: trap_request=0xffffff45 fr.pc=0x00000230ed98e4e8 relative=0x0000000000000148
Event: 90.657 Thread 0x00000230ca3bf570 Uncommon trap: reason=unstable_if action=reinterpret pc=0x00000230ed98e4e8 method=java.util.concurrent.ForkJoinTask.signalWaiters()V @ 38 c2
Event: 90.657 Thread 0x00000230ca3bf570 DEOPT PACKING pc=0x00000230ed98e4e8 sp=0x000000ed61bfd700
Event: 90.657 Thread 0x00000230ca3bf570 DEOPT UNPACKING pc=0x00000230ec8869a3 sp=0x000000ed61bfd6a0 mode 2

Classes unloaded (9 events):
Event: 87.996 Thread 0x00000230fb3b0470 Unloading class 0x0000023081c6cc00 'java/lang/invoke/LambdaForm$DMH+0x0000023081c6cc00'
Event: 87.997 Thread 0x00000230fb3b0470 Unloading class 0x0000023081c6c400 'java/lang/invoke/LambdaForm$DMH+0x0000023081c6c400'
Event: 87.997 Thread 0x00000230fb3b0470 Unloading class 0x0000023081c20800 'java/lang/invoke/LambdaForm$DMH+0x0000023081c20800'
Event: 87.997 Thread 0x00000230fb3b0470 Unloading class 0x0000023081c20400 'java/lang/invoke/LambdaForm$DMH+0x0000023081c20400'
Event: 87.997 Thread 0x00000230fb3b0470 Unloading class 0x0000023081be4800 'java/lang/invoke/LambdaForm$DMH+0x0000023081be4800'
Event: 87.997 Thread 0x00000230fb3b0470 Unloading class 0x0000023081be4400 'java/lang/invoke/LambdaForm$DMH+0x0000023081be4400'
Event: 87.997 Thread 0x00000230fb3b0470 Unloading class 0x0000023081a34c00 'java/lang/invoke/LambdaForm$DMH+0x0000023081a34c00'
Event: 87.997 Thread 0x00000230fb3b0470 Unloading class 0x0000023081a34800 'java/lang/invoke/LambdaForm$DMH+0x0000023081a34800'
Event: 87.997 Thread 0x00000230fb3b0470 Unloading class 0x0000023081a34400 'java/lang/invoke/LambdaForm$DMH+0x0000023081a34400'

Classes redefined (0 events):
No events

Internal exceptions (20 events):
Event: 53.471 Thread 0x00000230c72e58f0 Exception <a 'sun/nio/fs/WindowsException'{0x000000008c902218}> (0x000000008c902218) 
thrown [s\src\hotspot\share\prims\jni.cpp, line 516]
Event: 54.081 Thread 0x00000230c72e1c30 Exception <a 'sun/nio/fs/WindowsException'{0x000000008b4226a8}> (0x000000008b4226a8) 
thrown [s\src\hotspot\share\prims\jni.cpp, line 516]
Event: 54.081 Thread 0x00000230c72e1c30 Exception <a 'sun/nio/fs/WindowsException'{0x000000008b422a88}> (0x000000008b422a88) 
thrown [s\src\hotspot\share\prims\jni.cpp, line 516]
Event: 54.107 Thread 0x00000230c72e1c30 Exception <a 'sun/nio/fs/WindowsException'{0x000000008af823c0}> (0x000000008af823c0) 
thrown [s\src\hotspot\share\prims\jni.cpp, line 516]
Event: 63.481 Thread 0x00000230c72e58f0 Exception <a 'sun/nio/fs/WindowsException'{0x000000008ce45948}> (0x000000008ce45948) 
thrown [s\src\hotspot\share\prims\jni.cpp, line 516]
Event: 66.764 Thread 0x00000230c72e1c30 Exception <a 'java/lang/NoSuchMethodError'{0x000000008d434850}: 'int java.lang.invoke.DirectMethodHandle$Holder.invokeInterface(java.lang.Object, java.lang.Object, int)'> (0x000000008d434850) 
thrown [s\src\hotspot\share\interpreter\linkResolver.cpp, line 759]
Event: 72.747 Thread 0x00000230c72e1c30 Exception <a 'sun/nio/fs/WindowsException'{0x000000008aa359f8}> (0x000000008aa359f8) 
thrown [s\src\hotspot\share\prims\jni.cpp, line 516]
Event: 73.412 Thread 0x00000230c867f010 Exception <a 'sun/nio/fs/WindowsException'{0x0000000089383b90}> (0x0000000089383b90) 
thrown [s\src\hotspot\share\prims\jni.cpp, line 516]
Event: 73.412 Thread 0x00000230c867f010 Exception <a 'sun/nio/fs/WindowsException'{0x0000000089383fb0}> (0x0000000089383fb0) 
thrown [s\src\hotspot\share\prims\jni.cpp, line 516]
Event: 75.247 Thread 0x00000230c72e6310 Exception <a 'sun/nio/fs/WindowsException'{0x000000008eac2098}> (0x000000008eac2098) 
thrown [s\src\hotspot\share\prims\jni.cpp, line 516]
Event: 75.247 Thread 0x00000230c72e6310 Exception <a 'sun/nio/fs/WindowsException'{0x000000008eac24d8}> (0x000000008eac24d8) 
thrown [s\src\hotspot\share\prims\jni.cpp, line 516]
Event: 75.251 Thread 0x00000230c72e6310 Exception <a 'sun/nio/fs/WindowsException'{0x000000008eae9088}> (0x000000008eae9088) 
thrown [s\src\hotspot\share\prims\jni.cpp, line 516]
Event: 77.144 Thread 0x00000230c72e6310 Exception <a 'sun/nio/fs/WindowsException'{0x000000008dcf0a48}> (0x000000008dcf0a48) 
thrown [s\src\hotspot\share\prims\jni.cpp, line 516]
Event: 85.400 Thread 0x00000230c51e9fc0 Exception <a 'sun/nio/fs/WindowsException'{0x0000000089b50828}> (0x0000000089b50828) 
thrown [s\src\hotspot\share\prims\jni.cpp, line 516]
Event: 86.575 Thread 0x00000230ca3bf570 Exception <a 'sun/nio/fs/WindowsException'{0x00000000892d3af0}> (0x00000000892d3af0) 
thrown [s\src\hotspot\share\prims\jni.cpp, line 516]
Event: 86.591 Thread 0x00000230c9e80570 Exception <a 'sun/nio/fs/WindowsException'{0x000000008918dcc8}> (0x000000008918dcc8) 
thrown [s\src\hotspot\share\prims\jni.cpp, line 516]
Event: 87.043 Thread 0x00000230c9e80570 Exception <a 'sun/nio/fs/WindowsException'{0x000000008f202e88}> (0x000000008f202e88) 
thrown [s\src\hotspot\share\prims\jni.cpp, line 516]
Event: 87.059 Thread 0x00000230c9e83810 Exception <a 'sun/nio/fs/WindowsException'{0x000000008f2adb20}> (0x000000008f2adb20) 
thrown [s\src\hotspot\share\prims\jni.cpp, line 516]
Event: 87.059 Thread 0x00000230c9e83810 Exception <a 'sun/nio/fs/WindowsException'{0x000000008f2adf88}> (0x000000008f2adf88) 
thrown [s\src\hotspot\share\prims\jni.cpp, line 516]
Event: 87.967 Thread 0x00000230c9de2500 Exception <a 'java/lang/NoSuchMethodError'{0x000000008ed2d940}: 'long java.lang.invoke.DirectMethodHandle$Holder.invokeStatic(java.lang.Object, java.lang.Object, java.lang.Object)'> (0x000000008ed2d940) 
thrown [s\src\hotspot\share\interpreter\linkResolver.cpp, line 759]

VM Operations (20 events):
Event: 87.996 Executing VM operation: HandshakeAllThreads done
Event: 87.996 Executing VM operation: G1PauseRemark
Event: 88.048 Executing VM operation: G1PauseRemark done
Event: 88.050 Executing VM operation: HandshakeAllThreads
Event: 88.050 Executing VM operation: HandshakeAllThreads done
Event: 88.095 Executing VM operation: HandshakeAllThreads
Event: 88.096 Executing VM operation: HandshakeAllThreads done
Event: 88.211 Executing VM operation: G1PauseCleanup
Event: 88.233 Executing VM operation: G1PauseCleanup done
Event: 88.600 Executing VM operation: G1CollectForAllocation
Event: 88.703 Executing VM operation: G1CollectForAllocation done
Event: 88.735 Executing VM operation: G1CollectForAllocation
Event: 88.824 Executing VM operation: G1CollectForAllocation done
Event: 88.988 Executing VM operation: HandshakeAllThreads
Event: 89.057 Executing VM operation: HandshakeAllThreads done
Event: 89.243 Executing VM operation: G1CollectForAllocation
Event: 89.291 Executing VM operation: G1CollectForAllocation done
Event: 90.189 Executing VM operation: HandshakeAllThreads
Event: 90.189 Executing VM operation: HandshakeAllThreads done
Event: 90.752 Executing VM operation: G1CollectForAllocation

Events (20 events):
Event: 87.975 loading class java/nio/HeapShortBuffer
Event: 87.976 loading class java/nio/HeapShortBuffer done
Event: 87.995 Thread 0x00000230c9de2a10 Thread added: 0x00000230c9de2a10
Event: 88.062 loading class java/util/AbstractList$RandomAccessSubList
Event: 88.093 loading class java/util/AbstractList$RandomAccessSubList done
Event: 89.350 Thread 0x00000230d14615d0 Thread exited: 0x00000230d14615d0
Event: 89.848 loading class java/util/IdentityHashMap$EntrySet
Event: 89.849 loading class java/util/IdentityHashMap$EntrySet done
Event: 89.852 loading class java/util/concurrent/ForkJoinTask$AdaptedCallable
Event: 89.853 loading class java/util/concurrent/ForkJoinTask$AdaptedCallable done
Event: 90.212 Thread 0x00000230fb3f4f30 flushing nmethod 0x00000230e6471a10
Event: 90.217 Thread 0x00000230fb3f4f30 flushing nmethod 0x00000230e6a0df10
Event: 90.217 Thread 0x00000230fb3f4f30 flushing nmethod 0x00000230e6a1b190
Event: 90.217 Thread 0x00000230fb3f4f30 flushing nmethod 0x00000230e6a75510
Event: 90.218 Thread 0x00000230fb3f4f30 flushing nmethod 0x00000230e6af1b90
Event: 90.218 Thread 0x00000230fb3f4f30 flushing nmethod 0x00000230e6b0a590
Event: 90.218 Thread 0x00000230fb3f4f30 flushing nmethod 0x00000230e6b78210
Event: 90.219 Thread 0x00000230fb3f4f30 flushing nmethod 0x00000230e6bcfd90
Event: 90.220 Thread 0x00000230fb3f4f30 flushing nmethod 0x00000230e6c9dc10
Event: 90.220 Thread 0x00000230fb3f4f30 flushing nmethod 0x00000230e6ce3f10


Dynamic libraries:
0x00007ff619b50000 - 0x00007ff619b5e000 	D:\Program Files\.jdks\temurin-17.0.8\bin\java.exe
0x00007ff9d2ff0000 - 0x00007ff9d3204000 	C:\WINDOWS\SYSTEM32\ntdll.dll
0x00007ff9d1ff0000 - 0x00007ff9d20b2000 	C:\WINDOWS\System32\KERNEL32.DLL
0x00007ff9d08d0000 - 0x00007ff9d0c73000 	C:\WINDOWS\System32\KERNELBASE.dll
0x00007ff9d0cb0000 - 0x00007ff9d0dc1000 	C:\WINDOWS\System32\ucrtbase.dll
0x00007ff987460000 - 0x00007ff987479000 	D:\Program Files\.jdks\temurin-17.0.8\bin\VCRUNTIME140.dll
0x00007ff9864e0000 - 0x00007ff9864f7000 	D:\Program Files\.jdks\temurin-17.0.8\bin\jli.dll
0x00007ff9d2380000 - 0x00007ff9d252a000 	C:\WINDOWS\System32\USER32.dll
0x00007ff9d0c80000 - 0x00007ff9d0ca6000 	C:\WINDOWS\System32\win32u.dll
0x00007ff9d2980000 - 0x00007ff9d29a9000 	C:\WINDOWS\System32\GDI32.dll
0x00007ff9d0520000 - 0x00007ff9d0639000 	C:\WINDOWS\System32\gdi32full.dll
0x00007ff9baa90000 - 0x00007ff9bad1e000 	C:\WINDOWS\WinSxS\amd64_microsoft.windows.common-controls_6595b64144ccf1df_6.0.22621.1635_none_270f70857386168e\COMCTL32.dll
0x00007ff9d1f40000 - 0x00007ff9d1fe7000 	C:\WINDOWS\System32\msvcrt.dll
0x00007ff9d0640000 - 0x00007ff9d06da000 	C:\WINDOWS\System32\msvcp_win.dll
0x00007ff9d2810000 - 0x00007ff9d2841000 	C:\WINDOWS\System32\IMM32.DLL
0x00007ff9bb260000 - 0x00007ff9bb26c000 	D:\Program Files\.jdks\temurin-17.0.8\bin\vcruntime140_1.dll
0x00007ff983100000 - 0x00007ff983191000 	D:\Program Files\.jdks\temurin-17.0.8\bin\msvcp140.dll
0x00007ff97b7b0000 - 0x00007ff97c3fc000 	D:\Program Files\.jdks\temurin-17.0.8\bin\server\jvm.dll
0x00007ff9d2d80000 - 0x00007ff9d2e2e000 	C:\WINDOWS\System32\ADVAPI32.dll
0x00007ff9d2530000 - 0x00007ff9d25d4000 	C:\WINDOWS\System32\sechost.dll
0x00007ff9d2860000 - 0x00007ff9d2977000 	C:\WINDOWS\System32\RPCRT4.dll
0x00007ff9b75a0000 - 0x00007ff9b75a9000 	C:\WINDOWS\SYSTEM32\WSOCK32.dll
0x00007ff9d02c0000 - 0x00007ff9d030d000 	C:\WINDOWS\SYSTEM32\POWRPROF.dll
0x00007ff9d0f80000 - 0x00007ff9d0ff1000 	C:\WINDOWS\System32\WS2_32.dll
0x00007ff9c9a20000 - 0x00007ff9c9a2a000 	C:\WINDOWS\SYSTEM32\VERSION.dll
0x00007ff9c9d70000 - 0x00007ff9c9da4000 	C:\WINDOWS\SYSTEM32\WINMM.dll
0x00007ff9d02a0000 - 0x00007ff9d02b3000 	C:\WINDOWS\SYSTEM32\UMPDC.dll
0x00007ff9cf430000 - 0x00007ff9cf448000 	C:\WINDOWS\SYSTEM32\kernel.appcore.dll
0x00007ff9ba070000 - 0x00007ff9ba07a000 	D:\Program Files\.jdks\temurin-17.0.8\bin\jimage.dll
0x00007ff9bad20000 - 0x00007ff9baf4e000 	C:\WINDOWS\SYSTEM32\DBGHELP.DLL
0x00007ff9d29f0000 - 0x00007ff9d2d79000 	C:\WINDOWS\System32\combase.dll
0x00007ff9d1000000 - 0x00007ff9d10d7000 	C:\WINDOWS\System32\OLEAUT32.dll
0x00007ff9ba480000 - 0x00007ff9ba4b2000 	C:\WINDOWS\SYSTEM32\dbgcore.DLL
0x00007ff9d0850000 - 0x00007ff9d08ca000 	C:\WINDOWS\System32\bcryptPrimitives.dll
0x00007ff9861f0000 - 0x00007ff986215000 	D:\Program Files\.jdks\temurin-17.0.8\bin\java.dll
0x00007ff983020000 - 0x00007ff9830f6000 	D:\Program Files\.jdks\temurin-17.0.8\bin\jsvml.dll
0x00007ff9d1260000 - 0x00007ff9d1a59000 	C:\WINDOWS\System32\SHELL32.dll
0x00007ff9ce3e0000 - 0x00007ff9cecae000 	C:\WINDOWS\SYSTEM32\windows.storage.dll
0x00007ff9ce2a0000 - 0x00007ff9ce3de000 	C:\WINDOWS\SYSTEM32\wintypes.dll
0x00007ff9d10e0000 - 0x00007ff9d11d1000 	C:\WINDOWS\System32\SHCORE.dll
0x00007ff9d2e30000 - 0x00007ff9d2e8e000 	C:\WINDOWS\System32\shlwapi.dll
0x00007ff9d0320000 - 0x00007ff9d0346000 	C:\WINDOWS\SYSTEM32\profapi.dll
0x00007ff9862d0000 - 0x00007ff9862e9000 	D:\Program Files\.jdks\temurin-17.0.8\bin\net.dll
0x00007ff9ca770000 - 0x00007ff9ca8a7000 	C:\WINDOWS\SYSTEM32\WINHTTP.dll
0x00007ff9cf8b0000 - 0x00007ff9cf919000 	C:\WINDOWS\system32\mswsock.dll
0x00007ff9861d0000 - 0x00007ff9861e5000 	D:\Program Files\.jdks\temurin-17.0.8\bin\nio.dll
0x00007ff986010000 - 0x00007ff986028000 	D:\Program Files\.jdks\temurin-17.0.8\bin\zip.dll
0x00007ff9b9df0000 - 0x00007ff9b9e00000 	D:\Program Files\.jdks\temurin-17.0.8\bin\verify.dll
0x00007ff986bc0000 - 0x00007ff986be7000 	C:\Users\Famenontsoa\.gradle\native\68d5fa5c4cc2d200863cafc0d521ce42e7d3e7ee720ec0a83991735586a16f82\windows-amd64\native-platform.dll
0x00007ff982ed0000 - 0x00007ff983014000 	C:\Users\Famenontsoa\.gradle\native\e376f236ea51e6404a007f0833ffe2c6e607c4080706a723a18a27aeea778392\windows-amd64\native-platform-file-events.dll
0x00007ff9b9ca0000 - 0x00007ff9b9ca9000 	D:\Program Files\.jdks\temurin-17.0.8\bin\management.dll
0x00007ff9b7db0000 - 0x00007ff9b7dbb000 	D:\Program Files\.jdks\temurin-17.0.8\bin\management_ext.dll
0x00007ff9d29b0000 - 0x00007ff9d29b8000 	C:\WINDOWS\System32\PSAPI.DLL
0x00007ff9cfb10000 - 0x00007ff9cfb2b000 	C:\WINDOWS\SYSTEM32\CRYPTSP.dll
0x00007ff9cf3a0000 - 0x00007ff9cf3d5000 	C:\WINDOWS\system32\rsaenh.dll
0x00007ff9cf9b0000 - 0x00007ff9cf9dc000 	C:\WINDOWS\SYSTEM32\USERENV.dll
0x00007ff9cfcd0000 - 0x00007ff9cfcf8000 	C:\WINDOWS\SYSTEM32\bcrypt.dll
0x00007ff9cfb30000 - 0x00007ff9cfb3c000 	C:\WINDOWS\SYSTEM32\CRYPTBASE.dll
0x00007ff9cef10000 - 0x00007ff9cef3d000 	C:\WINDOWS\SYSTEM32\IPHLPAPI.DLL
0x00007ff9d29c0000 - 0x00007ff9d29c9000 	C:\WINDOWS\System32\NSI.dll
0x00007ff9c9fe0000 - 0x00007ff9c9ff9000 	C:\WINDOWS\SYSTEM32\dhcpcsvc6.DLL
0x00007ff9c9db0000 - 0x00007ff9c9dcf000 	C:\WINDOWS\SYSTEM32\dhcpcsvc.DLL
0x00007ff9cef80000 - 0x00007ff9cf073000 	C:\WINDOWS\SYSTEM32\DNSAPI.dll
0x00007ff9b7a70000 - 0x00007ff9b7a7e000 	D:\Program Files\.jdks\temurin-17.0.8\bin\sunmscapi.dll
0x00007ff9d06e0000 - 0x00007ff9d0847000 	C:\WINDOWS\System32\CRYPT32.dll
0x00007ff9cfca0000 - 0x00007ff9cfcce000 	C:\WINDOWS\SYSTEM32\ncrypt.dll
0x00007ff9cfc60000 - 0x00007ff9cfc97000 	C:\WINDOWS\SYSTEM32\NTASN1.dll
0x00007ff9c7840000 - 0x00007ff9c7848000 	C:\WINDOWS\system32\wshunix.dll

dbghelp: loaded successfully - version: 4.0.5 - missing functions: none
symbol engine: initialized successfully - sym options: 0x614 - pdb path: .;D:\Program Files\.jdks\temurin-17.0.8\bin;C:\WINDOWS\SYSTEM32;C:\WINDOWS\WinSxS\amd64_microsoft.windows.common-controls_6595b64144ccf1df_6.0.22621.1635_none_270f70857386168e;D:\Program Files\.jdks\temurin-17.0.8\bin\server;C:\Users\Famenontsoa\.gradle\native\68d5fa5c4cc2d200863cafc0d521ce42e7d3e7ee720ec0a83991735586a16f82\windows-amd64;C:\Users\Famenontsoa\.gradle\native\e376f236ea51e6404a007f0833ffe2c6e607c4080706a723a18a27aeea778392\windows-amd64

VM Arguments:
jvm_args: --add-opens=java.base/java.util=ALL-UNNAMED --add-opens=java.base/java.lang=ALL-UNNAMED --add-opens=java.base/java.lang.invoke=ALL-UNNAMED --add-opens=java.prefs/java.util.prefs=ALL-UNNAMED --add-opens=java.base/java.nio.charset=ALL-UNNAMED --add-opens=java.base/java.net=ALL-UNNAMED --add-opens=java.base/java.util.concurrent.atomic=ALL-UNNAMED -Xmx2048m -Dfile.encoding=UTF-8 -Duser.country=US -Duser.language=en -Duser.variant 
java_command: org.gradle.launcher.daemon.bootstrap.GradleDaemon 8.0
java_class_path (initial): C:\Users\Famenontsoa\.gradle\wrapper\dists\gradle-8.0-bin\ca5e32bp14vu59qr306oxotwh\gradle-8.0\lib\gradle-launcher-8.0.jar
Launcher Type: SUN_STANDARD

[Global flags]
     intx CICompilerCount                          = 3                                         {product} {ergonomic}
     uint ConcGCThreads                            = 1                                         {product} {ergonomic}
     uint G1ConcRefinementThreads                  = 4                                         {product} {ergonomic}
   size_t G1HeapRegionSize                         = 1048576                                   {product} {ergonomic}
    uintx GCDrainStackTargetSize                   = 64                                        {product} {ergonomic}
   size_t InitialHeapSize                          = 134217728                                 {product} {ergonomic}
   size_t MarkStackSize                            = 4194304                                   {product} {ergonomic}
   size_t MaxHeapSize                              = 2147483648                                {product} {command line}
   size_t MaxNewSize                               = 1287651328                                {product} {ergonomic}
   size_t MinHeapDeltaBytes                        = 1048576                                   {product} {ergonomic}
   size_t MinHeapSize                              = 8388608                                   {product} {ergonomic}
    uintx NonNMethodCodeHeapSize                   = 5832780                                {pd product} {ergonomic}
    uintx NonProfiledCodeHeapSize                  = 122912730                              {pd product} {ergonomic}
    uintx ProfiledCodeHeapSize                     = 122912730                              {pd product} {ergonomic}
    uintx ReservedCodeCacheSize                    = 251658240                              {pd product} {ergonomic}
     bool SegmentedCodeCache                       = true                                      {product} {ergonomic}
   size_t SoftMaxHeapSize                          = 2147483648                             {manageable} {ergonomic}
     bool UseCompressedClassPointers               = true                           {product lp64_product} {ergonomic}
     bool UseCompressedOops                        = true                           {product lp64_product} {ergonomic}
     bool UseG1GC                                  = true                                      {product} {ergonomic}
     bool UseLargePagesIndividualAllocation        = false                                  {pd product} {ergonomic}

Logging:
Log output configuration:
 #0: stdout all=warning uptime,level,tags
 #1: stderr all=off uptime,level,tags

Environment Variables:
JAVA_HOME=C:\Program Files\Java\jdk1.8.0_202
PATH=C:\Program Files (x86)\Common Files\Oracle\Java\javapath;C:\WINDOWS\system32;C:\WINDOWS;C:\WINDOWS\System32\Wbem;C:\WINDOWS\System32\WindowsPowerShell\v1.0\;C:\WINDOWS\System32\OpenSSH\;C:\Program Files\nodejs\;C:\Program Files\Git\cmd;C:\Program Files\PostgreSQL\11\bin;C:\Program Files (x86)\Windows Kits\10\bin\10.0.18362.0\x86;C:\Program Files\Java\jdk1.8.0_202\bin;C:\Users\Famenontsoa\AppData\Local\Programs\Python\Python311\Scripts\;C:\Users\Famenontsoa\AppData\Local\Programs\Python\Python311\;C:\Users\Famenontsoa\AppData\Local\Microsoft\WindowsApps;;C:\Users\Famenontsoa\AppData\Local\Programs\Microsoft VS Code\bin;C:\Users\Famenontsoa\AppData\Roaming\npm
USERNAME=Famenontsoa
OS=Windows_NT
PROCESSOR_IDENTIFIER=Intel64 Family 6 Model 78 Stepping 3, GenuineIntel
TMP=C:\Users\FAMENO~1\AppData\Local\Temp
TEMP=C:\Users\FAMENO~1\AppData\Local\Temp



---------------  S Y S T E M  ---------------

OS:
 Windows 11 , 64 bit Build 22621 (10.0.22621.1928)
OS uptime: 2 days 5:44 hours

CPU: total 4 (initial active 4) (2 cores per cpu, 2 threads per core) family 6 model 78 stepping 3 microcode 0xd6, cx8, cmov, fxsr, ht, mmx, 3dnowpref, sse, sse2, sse3, ssse3, sse4.1, sse4.2, popcnt, lzcnt, tsc, tscinvbit, avx, avx2, aes, erms, clmul, bmi1, bmi2, rtm, adx, fma, vzeroupper, clflush, clflushopt
Processor Information for all 4 processors :
  Max Mhz: 2501, Current Mhz: 2500, Mhz Limit: 2475

Memory: 4k page, system-wide physical 8113M (471M free)
TotalPageFile size 15232M (AvailPageFile size 59M)
current process WorkingSet (physical memory assigned to process): 579M, peak: 584M
current process commit charge ("private bytes"): 659M, peak: 995M

vm_info: OpenJDK 64-Bit Server VM (17.0.8+7) for windows-amd64 JRE (17.0.8+7), built on Jul 18 2023 21:02:32 by "admin" with MS VC++ 16.7 (VS2019)

END.
